10:53:48.586028 IP6 fe80::2d57:ebc2:f186:63c4.dhcpv6-client > ff02::1:2.dhcpv6-server: dhcp6 solicit
10:53:56.586330 IP6 fe80::2d57:ebc2:f186:63c4.dhcpv6-client > ff02::1:2.dhcpv6-server: dhcp6 solicit
10:53:57.461399 ARP, Request who-has 192.168.163.133 (Broadcast) tell 192.168.163.129, length 46
10:53:57.461689 ARP, Reply 192.168.163.133 is-at 00:0c:29:30:fc:2e (oui Unknown), length 46
10:53:57.661956 IP 192.168.163.129.40538 > 192.168.163.2.domain: 43425+ PTR? 133.163.168.192.in-addr.arpa. (46)
10:53:57.665450 IP 192.168.163.2.domain > 192.168.163.129.40538: 43425 NXDomain 0/1/0 (114)
10:53:57.666234 IP 192.168.163.129.33225 > 192.168.163.133.submission: Flags [S], seq 1256919030, win 1024, options [mss 1460], length 0
10:53:57.666300 IP 192.168.163.129.33225 > 192.168.163.133.ftp: Flags [S], seq 1256919030, win 1024, options [mss 1460], length 0
10:53:57.666305 IP 192.168.163.129.33225 > 192.168.163.133.1720: Flags [S], seq 1256919030, win 1024, options [mss 1460], length 0
10:53:57.666342 IP 192.168.163.129.33225 > 192.168.163.133.smux: Flags [S], seq 1256919030, win 1024, options [mss 1460], length 0
10:53:57.666368 IP 192.168.163.129.33225 > 192.168.163.133.netbios-ssn: Flags [S], seq 1256919030, win 1024, options [mss 1460], length 0
10:53:57.666528 IP 192.168.163.129.33225 > 192.168.163.133.1723: Flags [S], seq 1256919030, win 1024, options [mss 1460], length 0
10:53:57.666559 IP 192.168.163.129.33225 > 192.168.163.133.http-alt: Flags [S], seq 1256919030, win 1024, options [mss 1460], length 0
10:53:57.666578 IP 192.168.163.129.33225 > 192.168.163.133.http: Flags [S], seq 1256919030, win 1024, options [mss 1460], length 0
10:53:57.666596 IP 192.168.163.129.33225 > 192.168.163.133.5900: Flags [S], seq 1256919030, win 1024, options [mss 1460], length 0
10:53:57.666614 IP 192.168.163.129.33225 > 192.168.163.133.mysql: Flags [S], seq 1256919030, win 1024, options [mss 1460], length 0
10:53:57.666741 IP 192.168.163.133.submission > 192.168.163.129.33225: Flags [R.], seq 0, ack 1256919031, win 0, length 0
10:53:57.666796 IP 192.168.163.133.1723 > 192.168.163.129.33225: Flags [R.], seq 0, ack 1256919031, win 0, length 0
10:53:57.666839 IP 192.168.163.133.http-alt > 192.168.163.129.33225: Flags [R.], seq 0, ack 1256919031, win 0, length 0
10:53:57.666933 IP 192.168.163.133.http > 192.168.163.129.33225: Flags [S.], seq 4131657000, ack 1256919031, win 5840, options [mss 1460], length 0
10:53:57.667019 IP 192.168.163.133.5900 > 192.168.163.129.33225: Flags [S.], seq 4139336235, ack 1256919031, win 5840, options [mss 1460], length 0
10:53:57.667027 IP 192.168.163.133.mysql > 192.168.163.129.33225: Flags [S.], seq 4132896275, ack 1256919031, win 5840, options [mss 1460], length 0
10:53:57.667086 IP 192.168.163.133.ftp > 192.168.163.129.33225: Flags [S.], seq 4140363520, ack 1256919031, win 5840, options [mss 1460], length 0
10:53:57.667091 IP 192.168.163.133.1720 > 192.168.163.129.33225: Flags [R.], seq 0, ack 1256919031, win 0, length 0
10:53:57.667124 IP 192.168.163.133.smux > 192.168.163.129.33225: Flags [R.], seq 0, ack 1256919031, win 0, length 0
10:53:57.667153 IP 192.168.163.133.netbios-ssn > 192.168.163.129.33225: Flags [S.], seq 4140059625, ack 1256919031, win 5840, options [mss 1460], length 0
10:53:57.667505 IP 192.168.163.129.33225 > 192.168.163.133.http: Flags [R], seq 1256919031, win 0, length 0
10:53:57.667574 IP 192.168.163.129.33225 > 192.168.163.133.5900: Flags [R], seq 1256919031, win 0, length 0
10:53:57.667610 IP 192.168.163.129.33225 > 192.168.163.133.mysql: Flags [R], seq 1256919031, win 0, length 0
10:53:57.667740 IP 192.168.163.129.33225 > 192.168.163.133.ftp: Flags [R], seq 1256919031, win 0, length 0
10:53:57.667927 IP 192.168.163.129.33225 > 192.168.163.133.netbios-ssn: Flags [R], seq 1256919031, win 0, length 0
10:53:58.767696 IP 192.168.163.129.33226 > 192.168.163.133.netbios-ssn: Flags [S], seq 1256853495, win 1024, options [mss 1460], length 0
10:53:58.767774 IP 192.168.163.129.33226 > 192.168.163.133.smux: Flags [S], seq 1256853495, win 1024, options [mss 1460], length 0
10:53:58.767804 IP 192.168.163.129.33226 > 192.168.163.133.1720: Flags [S], seq 1256853495, win 1024, options [mss 1460], length 0
10:53:58.767833 IP 192.168.163.129.33226 > 192.168.163.133.ftp: Flags [S], seq 1256853495, win 1024, options [mss 1460], length 0
10:53:58.767862 IP 192.168.163.129.33225 > 192.168.163.133.8888: Flags [S], seq 1256919030, win 1024, options [mss 1460], length 0
10:53:58.767891 IP 192.168.163.129.33225 > 192.168.163.133.microsoft-ds: Flags [S], seq 1256919030, win 1024, options [mss 1460], length 0
10:53:58.767921 IP 192.168.163.129.33225 > 192.168.163.133.smtp: Flags [S], seq 1256919030, win 1024, options [mss 1460], length 0
10:53:58.767949 IP 192.168.163.129.33225 > 192.168.163.133.telnet: Flags [S], seq 1256919030, win 1024, options [mss 1460], length 0
10:53:58.768001 IP 192.168.163.129.33225 > 192.168.163.133.1025: Flags [S], seq 1256919030, win 1024, options [mss 1460], length 0
10:53:58.768032 IP 192.168.163.129.33225 > 192.168.163.133.3389: Flags [S], seq 1256919030, win 1024, options [mss 1460], length 0
10:53:58.768061 IP 192.168.163.129.33225 > 192.168.163.133.https: Flags [S], seq 1256919030, win 1024, options [mss 1460], length 0
10:53:58.768091 IP 192.168.163.129.33225 > 192.168.163.133.rtsp: Flags [S], seq 1256919030, win 1024, options [mss 1460], length 0
10:53:58.768122 IP 192.168.163.129.33225 > 192.168.163.133.auth: Flags [S], seq 1256919030, win 1024, options [mss 1460], length 0
10:53:58.768150 IP 192.168.163.129.33225 > 192.168.163.133.domain: Flags [S], seq 1256919030, win 1024, options [mss 1460], length 0
10:53:58.768178 IP 192.168.163.129.33225 > 192.168.163.133.pop3: Flags [S], seq 1256919030, win 1024, options [mss 1460], length 0
10:53:58.768208 IP 192.168.163.129.33225 > 192.168.163.133.loc-srv: Flags [S], seq 1256919030, win 1024, options [mss 1460], length 0
10:53:58.768263 IP 192.168.163.129.33225 > 192.168.163.133.pop3s: Flags [S], seq 1256919030, win 1024, options [mss 1460], length 0
10:53:58.768295 IP 192.168.163.129.33225 > 192.168.163.133.imaps: Flags [S], seq 1256919030, win 1024, options [mss 1460], length 0
10:53:58.768324 IP 192.168.163.129.33225 > 192.168.163.133.imap2: Flags [S], seq 1256919030, win 1024, options [mss 1460], length 0
10:53:58.768354 IP 192.168.163.129.33225 > 192.168.163.133.sunrpc: Flags [S], seq 1256919030, win 1024, options [mss 1460], length 0
10:53:58.768382 IP 192.168.163.129.33225 > 192.168.163.133.ssh: Flags [S], seq 1256919030, win 1024, options [mss 1460], length 0
10:53:58.768410 IP 192.168.163.129.33225 > 192.168.163.133.aol: Flags [S], seq 1256919030, win 1024, options [mss 1460], length 0
10:53:58.768441 IP 192.168.163.129.33225 > 192.168.163.133.5101: Flags [S], seq 1256919030, win 1024, options [mss 1460], length 0
10:53:58.768470 IP 192.168.163.129.33225 > 192.168.163.133.3986: Flags [S], seq 1256919030, win 1024, options [mss 1460], length 0
10:53:58.768490 IP 192.168.163.129.33225 > 192.168.163.133.ms-sql-s: Flags [S], seq 1256919030, win 1024, options [mss 1460], length 0
10:53:58.768508 IP 192.168.163.129.33225 > 192.168.163.133.32768: Flags [S], seq 1256919030, win 1024, options [mss 1460], length 0
10:53:58.768526 IP 192.168.163.129.33225 > 192.168.163.133.kerberos: Flags [S], seq 1256919030, win 1024, options [mss 1460], length 0
10:53:58.768542 IP 192.168.163.129.33225 > 192.168.163.133.1027: Flags [S], seq 1256919030, win 1024, options [mss 1460], length 0
10:53:58.768573 IP 192.168.163.133.netbios-ssn > 192.168.163.129.33226: Flags [S.], seq 4154564468, ack 1256853496, win 5840, options [mss 1460], length 0
10:53:58.768593 IP 192.168.163.133.smux > 192.168.163.129.33226: Flags [R.], seq 0, ack 1256853496, win 0, length 0
10:53:58.768623 IP 192.168.163.133.1720 > 192.168.163.129.33226: Flags [R.], seq 0, ack 1256853496, win 0, length 0
10:53:58.768651 IP 192.168.163.133.ftp > 192.168.163.129.33226: Flags [S.], seq 4149499318, ack 1256853496, win 5840, options [mss 1460], length 0
10:53:58.768681 IP 192.168.163.133.8888 > 192.168.163.129.33225: Flags [R.], seq 0, ack 1256919031, win 0, length 0
10:53:58.768709 IP 192.168.163.133.microsoft-ds > 192.168.163.129.33225: Flags [S.], seq 4144789925, ack 1256919031, win 5840, options [mss 1460], length 0
10:53:58.768740 IP 192.168.163.133.smtp > 192.168.163.129.33225: Flags [S.], seq 4151841978, ack 1256919031, win 5840, options [mss 1460], length 0
10:53:58.768770 IP 192.168.163.133.telnet > 192.168.163.129.33225: Flags [S.], seq 4152176562, ack 1256919031, win 5840, options [mss 1460], length 0
10:53:58.768799 IP 192.168.163.133.1025 > 192.168.163.129.33225: Flags [R.], seq 0, ack 1256919031, win 0, length 0
10:53:58.768829 IP 192.168.163.133.3389 > 192.168.163.129.33225: Flags [R.], seq 0, ack 1256919031, win 0, length 0
10:53:58.768857 IP 192.168.163.133.https > 192.168.163.129.33225: Flags [R.], seq 0, ack 1256919031, win 0, length 0
10:53:58.768885 IP 192.168.163.133.rtsp > 192.168.163.129.33225: Flags [R.], seq 0, ack 1256919031, win 0, length 0
10:53:58.768913 IP 192.168.163.133.auth > 192.168.163.129.33225: Flags [R.], seq 0, ack 1256919031, win 0, length 0
10:53:58.768941 IP 192.168.163.133.domain > 192.168.163.129.33225: Flags [S.], seq 4160222654, ack 1256919031, win 5840, options [mss 1460], length 0
10:53:58.768970 IP 192.168.163.133.pop3 > 192.168.163.129.33225: Flags [R.], seq 0, ack 1256919031, win 0, length 0
10:53:58.769001 IP 192.168.163.133.loc-srv > 192.168.163.129.33225: Flags [R.], seq 0, ack 1256919031, win 0, length 0
10:53:58.769034 IP 192.168.163.133.pop3s > 192.168.163.129.33225: Flags [R.], seq 0, ack 1256919031, win 0, length 0
10:53:58.769062 IP 192.168.163.133.imaps > 192.168.163.129.33225: Flags [R.], seq 0, ack 1256919031, win 0, length 0
10:53:58.769092 IP 192.168.163.133.imap2 > 192.168.163.129.33225: Flags [R.], seq 0, ack 1256919031, win 0, length 0
10:53:58.769121 IP 192.168.163.133.sunrpc > 192.168.163.129.33225: Flags [S.], seq 4146713887, ack 1256919031, win 5840, options [mss 1460], length 0
10:53:58.769149 IP 192.168.163.133.ssh > 192.168.163.129.33225: Flags [S.], seq 4156117918, ack 1256919031, win 5840, options [mss 1460], length 0
10:53:58.769166 IP 192.168.163.133.aol > 192.168.163.129.33225: Flags [R.], seq 0, ack 1256919031, win 0, length 0
10:53:58.769184 IP 192.168.163.133.5101 > 192.168.163.129.33225: Flags [R.], seq 0, ack 1256919031, win 0, length 0
10:53:58.769200 IP 192.168.163.133.3986 > 192.168.163.129.33225: Flags [R.], seq 0, ack 1256919031, win 0, length 0
10:53:58.769218 IP 192.168.163.133.ms-sql-s > 192.168.163.129.33225: Flags [R.], seq 0, ack 1256919031, win 0, length 0
10:53:58.769234 IP 192.168.163.133.32768 > 192.168.163.129.33225: Flags [R.], seq 0, ack 1256919031, win 0, length 0
10:53:58.769251 IP 192.168.163.133.kerberos > 192.168.163.129.33225: Flags [R.], seq 0, ack 1256919031, win 0, length 0
10:53:58.769267 IP 192.168.163.133.1027 > 192.168.163.129.33225: Flags [R.], seq 0, ack 1256919031, win 0, length 0
10:53:58.769297 IP 192.168.163.129.33226 > 192.168.163.133.netbios-ssn: Flags [R], seq 1256853496, win 0, length 0
10:53:58.769316 IP 192.168.163.129.33226 > 192.168.163.133.ftp: Flags [R], seq 1256853496, win 0, length 0
10:53:58.769333 IP 192.168.163.129.33225 > 192.168.163.133.microsoft-ds: Flags [R], seq 1256919031, win 0, length 0
10:53:58.769349 IP 192.168.163.129.33225 > 192.168.163.133.smtp: Flags [R], seq 1256919031, win 0, length 0
10:53:58.769365 IP 192.168.163.129.33225 > 192.168.163.133.telnet: Flags [R], seq 1256919031, win 0, length 0
10:53:58.769382 IP 192.168.163.129.33225 > 192.168.163.133.domain: Flags [R], seq 1256919031, win 0, length 0
10:53:58.769398 IP 192.168.163.129.33225 > 192.168.163.133.sunrpc: Flags [R], seq 1256919031, win 0, length 0
10:53:58.769414 IP 192.168.163.129.33225 > 192.168.163.133.ssh: Flags [R], seq 1256919031, win 0, length 0
10:53:58.771056 IP 192.168.163.129.33225 > 192.168.163.133.ftps: Flags [S], seq 1256919030, win 1024, options [mss 1460], length 0
10:53:58.771123 IP 192.168.163.129.33225 > 192.168.163.133.kshell: Flags [S], seq 1256919030, win 1024, options [mss 1460], length 0
10:53:58.771152 IP 192.168.163.129.33225 > 192.168.163.133.snpp: Flags [S], seq 1256919030, win 1024, options [mss 1460], length 0
10:53:58.771191 IP 192.168.163.129.33225 > 192.168.163.133.8443: Flags [S], seq 1256919030, win 1024, options [mss 1460], length 0
10:53:58.771220 IP 192.168.163.129.33225 > 192.168.163.133.sip: Flags [S], seq 1256919030, win 1024, options [mss 1460], length 0
10:53:58.771237 IP 192.168.163.129.33225 > 192.168.163.133.49157: Flags [S], seq 1256919030, win 1024, options [mss 1460], length 0
10:53:58.771253 IP 192.168.163.129.33225 > 192.168.163.133.echo: Flags [S], seq 1256919030, win 1024, options [mss 1460], length 0
10:53:58.771280 IP 192.168.163.133.ftps > 192.168.163.129.33225: Flags [R.], seq 0, ack 1256919031, win 0, length 0
10:53:58.771298 IP 192.168.163.133.kshell > 192.168.163.129.33225: Flags [R.], seq 0, ack 1256919031, win 0, length 0
10:53:58.771328 IP 192.168.163.133.snpp > 192.168.163.129.33225: Flags [R.], seq 0, ack 1256919031, win 0, length 0
10:53:58.771368 IP 192.168.163.133.8443 > 192.168.163.129.33225: Flags [R.], seq 0, ack 1256919031, win 0, length 0
10:53:58.771396 IP 192.168.163.133.sip > 192.168.163.129.33225: Flags [R.], seq 0, ack 1256919031, win 0, length 0
10:53:58.771424 IP 192.168.163.133.49157 > 192.168.163.129.33225: Flags [R.], seq 0, ack 1256919031, win 0, length 0
10:53:58.771441 IP 192.168.163.133.echo > 192.168.163.129.33225: Flags [R.], seq 0, ack 1256919031, win 0, length 0
10:53:58.867992 IP 192.168.163.129.33225 > 192.168.163.133.5009: Flags [S], seq 1256919030, win 1024, options [mss 1460], length 0
10:53:58.868064 IP 192.168.163.129.33225 > 192.168.163.133.1028: Flags [S], seq 1256919030, win 1024, options [mss 1460], length 0
10:53:58.868104 IP 192.168.163.129.33225 > 192.168.163.133.nrpe: Flags [S], seq 1256919030, win 1024, options [mss 1460], length 0
10:53:58.868193 IP 192.168.163.129.33225 > 192.168.163.133.webmin: Flags [S], seq 1256919030, win 1024, options [mss 1460], length 0
10:53:58.868231 IP 192.168.163.129.33225 > 192.168.163.133.2717: Flags [S], seq 1256919030, win 1024, options [mss 1460], length 0
10:53:58.868265 IP 192.168.163.129.33225 > 192.168.163.133.8009: Flags [S], seq 1256919030, win 1024, options [mss 1460], length 0
10:53:58.868286 IP 192.168.163.129.33225 > 192.168.163.133.6646: Flags [S], seq 1256919030, win 1024, options [mss 1460], length 0
10:53:58.868323 IP 192.168.163.129.33225 > 192.168.163.133.finger: Flags [S], seq 1256919030, win 1024, options [mss 1460], length 0
10:53:58.868363 IP 192.168.163.129.33225 > 192.168.163.133.iprop: Flags [S], seq 1256919030, win 1024, options [mss 1460], length 0
10:53:58.868400 IP 192.168.163.129.33225 > 192.168.163.133.5631: Flags [S], seq 1256919030, win 1024, options [mss 1460], length 0
10:53:58.868436 IP 192.168.163.129.33225 > 192.168.163.133.8000: Flags [S], seq 1256919030, win 1024, options [mss 1460], length 0
10:53:58.868457 IP 192.168.163.129.33225 > 192.168.163.133.afpovertcp: Flags [S], seq 1256919030, win 1024, options [mss 1460], length 0
10:53:58.868491 IP 192.168.163.129.33225 > 192.168.163.133.81: Flags [S], seq 1256919030, win 1024, options [mss 1460], length 0
10:53:58.868511 IP 192.168.163.129.33225 > 192.168.163.133.nfs: Flags [S], seq 1256919030, win 1024, options [mss 1460], length 0
10:53:58.868547 IP 192.168.163.129.33225 > 192.168.163.133.3000: Flags [S], seq 1256919030, win 1024, options [mss 1460], length 0
10:53:58.868568 IP 192.168.163.129.33225 > 192.168.163.133.svrloc: Flags [S], seq 1256919030, win 1024, options [mss 1460], length 0
10:53:58.868606 IP 192.168.163.129.33225 > 192.168.163.133.49153: Flags [S], seq 1256919030, win 1024, options [mss 1460], length 0
10:53:58.868645 IP 192.168.163.129.33225 > 192.168.163.133.cisco-sccp: Flags [S], seq 1256919030, win 1024, options [mss 1460], length 0
10:53:58.868682 IP 192.168.163.129.33225 > 192.168.163.133.tproxy: Flags [S], seq 1256919030, win 1024, options [mss 1460], length 0
10:53:58.868702 IP 192.168.163.129.33225 > 192.168.163.133.144: Flags [S], seq 1256919030, win 1024, options [mss 1460], length 0
10:53:58.868722 IP 192.168.163.129.33225 > 192.168.163.133.9100: Flags [S], seq 1256919030, win 1024, options [mss 1460], length 0
10:53:58.868742 IP 192.168.163.129.33225 > 192.168.163.133.49152: Flags [S], seq 1256919030, win 1024, options [mss 1460], length 0
10:53:58.868774 IP 192.168.163.129.33225 > 192.168.163.133.time: Flags [S], seq 1256919030, win 1024, options [mss 1460], length 0
10:53:58.868794 IP 192.168.163.129.33225 > 192.168.163.133.postgresql: Flags [S], seq 1256919030, win 1024, options [mss 1460], length 0
10:53:58.868834 IP 192.168.163.133.5009 > 192.168.163.129.33225: Flags [R.], seq 0, ack 1256919031, win 0, length 0
10:53:58.868857 IP 192.168.163.133.1028 > 192.168.163.129.33225: Flags [R.], seq 0, ack 1256919031, win 0, length 0
10:53:58.868892 IP 192.168.163.133.nrpe > 192.168.163.129.33225: Flags [R.], seq 0, ack 1256919031, win 0, length 0
10:53:58.868928 IP 192.168.163.133.webmin > 192.168.163.129.33225: Flags [R.], seq 0, ack 1256919031, win 0, length 0
10:53:58.868962 IP 192.168.163.133.2717 > 192.168.163.129.33225: Flags [R.], seq 0, ack 1256919031, win 0, length 0
10:53:58.868999 IP 192.168.163.133.8009 > 192.168.163.129.33225: Flags [S.], seq 4158102370, ack 1256919031, win 5840, options [mss 1460], length 0
10:53:58.869033 IP 192.168.163.133.6646 > 192.168.163.129.33225: Flags [R.], seq 0, ack 1256919031, win 0, length 0
10:53:58.869069 IP 192.168.163.133.finger > 192.168.163.129.33225: Flags [R.], seq 0, ack 1256919031, win 0, length 0
10:53:58.869104 IP 192.168.163.133.iprop > 192.168.163.129.33225: Flags [S.], seq 4160427306, ack 1256919031, win 5840, options [mss 1460], length 0
10:53:58.869138 IP 192.168.163.133.5631 > 192.168.163.129.33225: Flags [R.], seq 0, ack 1256919031, win 0, length 0
10:53:58.869175 IP 192.168.163.133.8000 > 192.168.163.129.33225: Flags [R.], seq 0, ack 1256919031, win 0, length 0
10:53:58.869211 IP 192.168.163.133.afpovertcp > 192.168.163.129.33225: Flags [R.], seq 0, ack 1256919031, win 0, length 0
10:53:58.869246 IP 192.168.163.133.81 > 192.168.163.129.33225: Flags [R.], seq 0, ack 1256919031, win 0, length 0
10:53:58.869281 IP 192.168.163.133.nfs > 192.168.163.129.33225: Flags [S.], seq 4158952507, ack 1256919031, win 5840, options [mss 1460], length 0
10:53:58.869315 IP 192.168.163.133.3000 > 192.168.163.129.33225: Flags [R.], seq 0, ack 1256919031, win 0, length 0
10:53:58.869351 IP 192.168.163.133.svrloc > 192.168.163.129.33225: Flags [R.], seq 0, ack 1256919031, win 0, length 0
10:53:58.869388 IP 192.168.163.133.49153 > 192.168.163.129.33225: Flags [R.], seq 0, ack 1256919031, win 0, length 0
10:53:58.869425 IP 192.168.163.133.cisco-sccp > 192.168.163.129.33225: Flags [R.], seq 0, ack 1256919031, win 0, length 0
10:53:58.869459 IP 192.168.163.133.tproxy > 192.168.163.129.33225: Flags [R.], seq 0, ack 1256919031, win 0, length 0
10:53:58.869479 IP 192.168.163.133.144 > 192.168.163.129.33225: Flags [R.], seq 0, ack 1256919031, win 0, length 0
10:53:58.869496 IP 192.168.163.133.9100 > 192.168.163.129.33225: Flags [R.], seq 0, ack 1256919031, win 0, length 0
10:53:58.869512 IP 192.168.163.133.49152 > 192.168.163.129.33225: Flags [R.], seq 0, ack 1256919031, win 0, length 0
10:53:58.869529 IP 192.168.163.133.time > 192.168.163.129.33225: Flags [R.], seq 0, ack 1256919031, win 0, length 0
10:53:58.869545 IP 192.168.163.133.postgresql > 192.168.163.129.33225: Flags [S.], seq 4149094851, ack 1256919031, win 5840, options [mss 1460], length 0
10:53:58.869576 IP 192.168.163.129.33225 > 192.168.163.133.8009: Flags [R], seq 1256919031, win 0, length 0
10:53:58.869594 IP 192.168.163.129.33225 > 192.168.163.133.iprop: Flags [R], seq 1256919031, win 0, length 0
10:53:58.869610 IP 192.168.163.129.33225 > 192.168.163.133.nfs: Flags [R], seq 1256919031, win 0, length 0
10:53:58.869691 IP 192.168.163.129.33225 > 192.168.163.133.postgresql: Flags [R], seq 1256919031, win 0, length 0
10:53:58.968209 IP 192.168.163.129.33226 > 192.168.163.133.webmin: Flags [S], seq 1256853495, win 1024, options [mss 1460], length 0
10:53:58.968284 IP 192.168.163.129.33226 > 192.168.163.133.nrpe: Flags [S], seq 1256853495, win 1024, options [mss 1460], length 0
10:53:58.968303 IP 192.168.163.129.33226 > 192.168.163.133.1028: Flags [S], seq 1256853495, win 1024, options [mss 1460], length 0
10:53:58.968320 IP 192.168.163.129.33226 > 192.168.163.133.5009: Flags [S], seq 1256853495, win 1024, options [mss 1460], length 0
10:53:58.968416 IP 192.168.163.133.webmin > 192.168.163.129.33226: Flags [R.], seq 0, ack 1256853496, win 0, length 0
10:53:58.968455 IP 192.168.163.133.nrpe > 192.168.163.129.33226: Flags [R.], seq 0, ack 1256853496, win 0, length 0
10:53:58.968496 IP 192.168.163.133.1028 > 192.168.163.129.33226: Flags [R.], seq 0, ack 1256853496, win 0, length 0
10:53:58.968524 IP 192.168.163.133.5009 > 192.168.163.129.33226: Flags [R.], seq 0, ack 1256853496, win 0, length 0
10:53:58.970588 IP 192.168.163.129.33226 > 192.168.163.133.postgresql: Flags [S], seq 1256853495, win 1024, options [mss 1460], length 0
10:53:58.970627 IP 192.168.163.129.33226 > 192.168.163.133.time: Flags [S], seq 1256853495, win 1024, options [mss 1460], length 0
10:53:58.970655 IP 192.168.163.129.33226 > 192.168.163.133.49152: Flags [S], seq 1256853495, win 1024, options [mss 1460], length 0
10:53:58.970684 IP 192.168.163.129.33226 > 192.168.163.133.9100: Flags [S], seq 1256853495, win 1024, options [mss 1460], length 0
10:53:58.970711 IP 192.168.163.129.33226 > 192.168.163.133.144: Flags [S], seq 1256853495, win 1024, options [mss 1460], length 0
10:53:58.970741 IP 192.168.163.129.33226 > 192.168.163.133.tproxy: Flags [S], seq 1256853495, win 1024, options [mss 1460], length 0
10:53:58.970770 IP 192.168.163.129.33226 > 192.168.163.133.cisco-sccp: Flags [S], seq 1256853495, win 1024, options [mss 1460], length 0
10:53:58.970799 IP 192.168.163.129.33226 > 192.168.163.133.49153: Flags [S], seq 1256853495, win 1024, options [mss 1460], length 0
10:53:58.970838 IP 192.168.163.129.33226 > 192.168.163.133.svrloc: Flags [S], seq 1256853495, win 1024, options [mss 1460], length 0
10:53:58.970868 IP 192.168.163.129.33226 > 192.168.163.133.3000: Flags [S], seq 1256853495, win 1024, options [mss 1460], length 0
10:53:58.970896 IP 192.168.163.129.33226 > 192.168.163.133.nfs: Flags [S], seq 1256853495, win 1024, options [mss 1460], length 0
10:53:58.970924 IP 192.168.163.129.33226 > 192.168.163.133.81: Flags [S], seq 1256853495, win 1024, options [mss 1460], length 0
10:53:58.970955 IP 192.168.163.129.33226 > 192.168.163.133.afpovertcp: Flags [S], seq 1256853495, win 1024, options [mss 1460], length 0
10:53:58.970984 IP 192.168.163.129.33226 > 192.168.163.133.8000: Flags [S], seq 1256853495, win 1024, options [mss 1460], length 0
10:53:58.971012 IP 192.168.163.129.33226 > 192.168.163.133.5631: Flags [S], seq 1256853495, win 1024, options [mss 1460], length 0
10:53:58.971043 IP 192.168.163.129.33226 > 192.168.163.133.iprop: Flags [S], seq 1256853495, win 1024, options [mss 1460], length 0
10:53:58.971075 IP 192.168.163.129.33226 > 192.168.163.133.finger: Flags [S], seq 1256853495, win 1024, options [mss 1460], length 0
10:53:58.971103 IP 192.168.163.129.33226 > 192.168.163.133.6646: Flags [S], seq 1256853495, win 1024, options [mss 1460], length 0
10:53:58.971133 IP 192.168.163.129.33226 > 192.168.163.133.8009: Flags [S], seq 1256853495, win 1024, options [mss 1460], length 0
10:53:58.971149 IP 192.168.163.129.33226 > 192.168.163.133.2717: Flags [S], seq 1256853495, win 1024, options [mss 1460], length 0
10:53:58.971177 IP 192.168.163.133.postgresql > 192.168.163.129.33226: Flags [S.], seq 4161475739, ack 1256853496, win 5840, options [mss 1460], length 0
10:53:58.971209 IP 192.168.163.133.time > 192.168.163.129.33226: Flags [R.], seq 0, ack 1256853496, win 0, length 0
10:53:58.971238 IP 192.168.163.133.49152 > 192.168.163.129.33226: Flags [R.], seq 0, ack 1256853496, win 0, length 0
10:53:58.971266 IP 192.168.163.133.9100 > 192.168.163.129.33226: Flags [R.], seq 0, ack 1256853496, win 0, length 0
10:53:58.971294 IP 192.168.163.133.144 > 192.168.163.129.33226: Flags [R.], seq 0, ack 1256853496, win 0, length 0
10:53:58.971322 IP 192.168.163.133.tproxy > 192.168.163.129.33226: Flags [R.], seq 0, ack 1256853496, win 0, length 0
10:53:58.971350 IP 192.168.163.133.cisco-sccp > 192.168.163.129.33226: Flags [R.], seq 0, ack 1256853496, win 0, length 0
10:53:58.971378 IP 192.168.163.133.49153 > 192.168.163.129.33226: Flags [R.], seq 0, ack 1256853496, win 0, length 0
10:53:58.971405 IP 192.168.163.133.svrloc > 192.168.163.129.33226: Flags [R.], seq 0, ack 1256853496, win 0, length 0
10:53:58.971433 IP 192.168.163.133.3000 > 192.168.163.129.33226: Flags [R.], seq 0, ack 1256853496, win 0, length 0
10:53:58.971463 IP 192.168.163.133.nfs > 192.168.163.129.33226: Flags [S.], seq 4153375621, ack 1256853496, win 5840, options [mss 1460], length 0
10:53:58.971480 IP 192.168.163.133.81 > 192.168.163.129.33226: Flags [R.], seq 0, ack 1256853496, win 0, length 0
10:53:58.971508 IP 192.168.163.133.afpovertcp > 192.168.163.129.33226: Flags [R.], seq 0, ack 1256853496, win 0, length 0
10:53:58.971559 IP 192.168.163.133.8000 > 192.168.163.129.33226: Flags [R.], seq 0, ack 1256853496, win 0, length 0
10:53:58.971577 IP 192.168.163.133.5631 > 192.168.163.129.33226: Flags [R.], seq 0, ack 1256853496, win 0, length 0
10:53:58.971606 IP 192.168.163.133.iprop > 192.168.163.129.33226: Flags [S.], seq 4150839186, ack 1256853496, win 5840, options [mss 1460], length 0
10:53:58.971636 IP 192.168.163.133.finger > 192.168.163.129.33226: Flags [R.], seq 0, ack 1256853496, win 0, length 0
10:53:58.971701 IP 192.168.163.133.6646 > 192.168.163.129.33226: Flags [R.], seq 0, ack 1256853496, win 0, length 0
10:53:58.971720 IP 192.168.163.133.8009 > 192.168.163.129.33226: Flags [S.], seq 4162541836, ack 1256853496, win 5840, options [mss 1460], length 0
10:53:58.971737 IP 192.168.163.133.2717 > 192.168.163.129.33226: Flags [R.], seq 0, ack 1256853496, win 0, length 0
10:53:58.971766 IP 192.168.163.129.33226 > 192.168.163.133.postgresql: Flags [R], seq 1256853496, win 0, length 0
10:53:58.971798 IP 192.168.163.129.33226 > 192.168.163.133.nfs: Flags [R], seq 1256853496, win 0, length 0
10:53:58.971815 IP 192.168.163.129.33226 > 192.168.163.133.iprop: Flags [R], seq 1256853496, win 0, length 0
10:53:58.971831 IP 192.168.163.129.33226 > 192.168.163.133.8009: Flags [R], seq 1256853496, win 0, length 0
10:53:59.068538 IP 192.168.163.129.33225 > 192.168.163.133.2001: Flags [S], seq 1256919030, win 1024, options [mss 1460], length 0
10:53:59.068670 IP 192.168.163.133.2001 > 192.168.163.129.33225: Flags [R.], seq 0, ack 1256919031, win 0, length 0
10:53:59.073881 IP 192.168.163.129.33225 > 192.168.163.133.daytime: Flags [S], seq 1256919030, win 1024, options [mss 1460], length 0
10:53:59.073991 IP 192.168.163.133.daytime > 192.168.163.129.33225: Flags [R.], seq 0, ack 1256919031, win 0, length 0
10:53:59.079419 IP 192.168.163.129.33225 > 192.168.163.133.1900: Flags [S], seq 1256919030, win 1024, options [mss 1460], length 0
10:53:59.079538 IP 192.168.163.133.1900 > 192.168.163.129.33225: Flags [R.], seq 0, ack 1256919031, win 0, length 0
10:53:59.084957 IP 192.168.163.129.33225 > 192.168.163.133.1110: Flags [S], seq 1256919030, win 1024, options [mss 1460], length 0
10:53:59.085058 IP 192.168.163.133.1110 > 192.168.163.129.33225: Flags [R.], seq 0, ack 1256919031, win 0, length 0
10:53:59.090474 IP 192.168.163.129.33225 > 192.168.163.133.discard: Flags [S], seq 1256919030, win 1024, options [mss 1460], length 0
10:53:59.090600 IP 192.168.163.133.discard > 192.168.163.129.33225: Flags [R.], seq 0, ack 1256919031, win 0, length 0
10:53:59.095932 IP 192.168.163.129.33225 > 192.168.163.133.646: Flags [S], seq 1256919030, win 1024, options [mss 1460], length 0
10:53:59.096058 IP 192.168.163.133.646 > 192.168.163.129.33225: Flags [R.], seq 0, ack 1256919031, win 0, length 0
10:53:59.101445 IP 192.168.163.129.33225 > 192.168.163.133.nntp: Flags [S], seq 1256919030, win 1024, options [mss 1460], length 0
10:53:59.101540 IP 192.168.163.133.nntp > 192.168.163.129.33225: Flags [R.], seq 0, ack 1256919031, win 0, length 0
10:53:59.106982 IP 192.168.163.129.33225 > 192.168.163.133.ipp: Flags [S], seq 1256919030, win 1024, options [mss 1460], length 0
10:53:59.107069 IP 192.168.163.133.ipp > 192.168.163.129.33225: Flags [R.], seq 0, ack 1256919031, win 0, length 0
10:53:59.112515 IP 192.168.163.129.33225 > 192.168.163.133.5357: Flags [S], seq 1256919030, win 1024, options [mss 1460], length 0
10:53:59.112631 IP 192.168.163.133.5357 > 192.168.163.129.33225: Flags [R.], seq 0, ack 1256919031, win 0, length 0
10:53:59.117993 IP 192.168.163.129.33225 > 192.168.163.133.49155: Flags [S], seq 1256919030, win 1024, options [mss 1460], length 0
10:53:59.118078 IP 192.168.163.133.49155 > 192.168.163.129.33225: Flags [R.], seq 0, ack 1256919031, win 0, length 0
10:53:59.123527 IP 192.168.163.129.33225 > 192.168.163.133.5800: Flags [S], seq 1256919030, win 1024, options [mss 1460], length 0
10:53:59.123635 IP 192.168.163.133.5800 > 192.168.163.129.33225: Flags [R.], seq 0, ack 1256919031, win 0, length 0
10:53:59.129043 IP 192.168.163.129.33225 > 192.168.163.133.shell: Flags [S], seq 1256919030, win 1024, options [mss 1460], length 0
10:53:59.129134 IP 192.168.163.133.shell > 192.168.163.129.33225: Flags [S.], seq 4161949778, ack 1256919031, win 5840, options [mss 1460], length 0
10:53:59.129215 IP 192.168.163.129.33225 > 192.168.163.133.shell: Flags [R], seq 1256919031, win 0, length 0
10:53:59.134558 IP 192.168.163.129.33225 > 192.168.163.133.enbd-cstatd: Flags [S], seq 1256919030, win 1024, options [mss 1460], length 0
10:53:59.134657 IP 192.168.163.133.enbd-cstatd > 192.168.163.129.33225: Flags [R.], seq 0, ack 1256919031, win 0, length 0
10:53:59.140068 IP 192.168.163.129.33225 > 192.168.163.133.26: Flags [S], seq 1256919030, win 1024, options [mss 1460], length 0
10:53:59.140162 IP 192.168.163.133.26 > 192.168.163.129.33225: Flags [R.], seq 0, ack 1256919031, win 0, length 0
10:53:59.145581 IP 192.168.163.129.33225 > 192.168.163.133.login: Flags [S], seq 1256919030, win 1024, options [mss 1460], length 0
10:53:59.145679 IP 192.168.163.133.login > 192.168.163.129.33225: Flags [S.], seq 4165642061, ack 1256919031, win 5840, options [mss 1460], length 0
10:53:59.145761 IP 192.168.163.129.33225 > 192.168.163.133.login: Flags [R], seq 1256919031, win 0, length 0
10:53:59.151105 IP 192.168.163.129.33225 > 192.168.163.133.49154: Flags [S], seq 1256919030, win 1024, options [mss 1460], length 0
10:53:59.151206 IP 192.168.163.133.49154 > 192.168.163.129.33225: Flags [R.], seq 0, ack 1256919031, win 0, length 0
10:53:59.156626 IP 192.168.163.129.33225 > 192.168.163.133.1029: Flags [S], seq 1256919030, win 1024, options [mss 1460], length 0
10:53:59.156747 IP 192.168.163.133.1029 > 192.168.163.129.33225: Flags [R.], seq 0, ack 1256919031, win 0, length 0
10:53:59.168686 IP 192.168.163.129.33226 > 192.168.163.133.2001: Flags [S], seq 1256853495, win 1024, options [mss 1460], length 0
10:53:59.168799 IP 192.168.163.133.2001 > 192.168.163.129.33226: Flags [R.], seq 0, ack 1256853496, win 0, length 0
10:53:59.174158 IP 192.168.163.129.33226 > 192.168.163.133.daytime: Flags [S], seq 1256853495, win 1024, options [mss 1460], length 0
10:53:59.174247 IP 192.168.163.133.daytime > 192.168.163.129.33226: Flags [R.], seq 0, ack 1256853496, win 0, length 0
10:53:59.179669 IP 192.168.163.129.33226 > 192.168.163.133.1900: Flags [S], seq 1256853495, win 1024, options [mss 1460], length 0
10:53:59.179778 IP 192.168.163.133.1900 > 192.168.163.129.33226: Flags [R.], seq 0, ack 1256853496, win 0, length 0
10:53:59.187277 IP 192.168.163.129.33226 > 192.168.163.133.1110: Flags [S], seq 1256853495, win 1024, options [mss 1460], length 0
10:53:59.187403 IP 192.168.163.133.1110 > 192.168.163.129.33226: Flags [R.], seq 0, ack 1256853496, win 0, length 0
10:53:59.192705 IP 192.168.163.129.33226 > 192.168.163.133.discard: Flags [S], seq 1256853495, win 1024, options [mss 1460], length 0
10:53:59.192800 IP 192.168.163.133.discard > 192.168.163.129.33226: Flags [R.], seq 0, ack 1256853496, win 0, length 0
10:53:59.198200 IP 192.168.163.129.33226 > 192.168.163.133.646: Flags [S], seq 1256853495, win 1024, options [mss 1460], length 0
10:53:59.198294 IP 192.168.163.133.646 > 192.168.163.129.33226: Flags [R.], seq 0, ack 1256853496, win 0, length 0
10:53:59.203758 IP 192.168.163.129.33226 > 192.168.163.133.nntp: Flags [S], seq 1256853495, win 1024, options [mss 1460], length 0
10:53:59.203867 IP 192.168.163.133.nntp > 192.168.163.129.33226: Flags [R.], seq 0, ack 1256853496, win 0, length 0
10:53:59.209232 IP 192.168.163.129.33226 > 192.168.163.133.ipp: Flags [S], seq 1256853495, win 1024, options [mss 1460], length 0
10:53:59.209323 IP 192.168.163.133.ipp > 192.168.163.129.33226: Flags [R.], seq 0, ack 1256853496, win 0, length 0
10:53:59.214734 IP 192.168.163.129.33226 > 192.168.163.133.5357: Flags [S], seq 1256853495, win 1024, options [mss 1460], length 0
10:53:59.214826 IP 192.168.163.133.5357 > 192.168.163.129.33226: Flags [R.], seq 0, ack 1256853496, win 0, length 0
10:53:59.220303 IP 192.168.163.129.33226 > 192.168.163.133.49155: Flags [S], seq 1256853495, win 1024, options [mss 1460], length 0
10:53:59.220396 IP 192.168.163.133.49155 > 192.168.163.129.33226: Flags [R.], seq 0, ack 1256853496, win 0, length 0
10:53:59.225797 IP 192.168.163.129.33226 > 192.168.163.133.5800: Flags [S], seq 1256853495, win 1024, options [mss 1460], length 0
10:53:59.225898 IP 192.168.163.133.5800 > 192.168.163.129.33226: Flags [R.], seq 0, ack 1256853496, win 0, length 0
10:53:59.230875 IP 192.168.163.129.33226 > 192.168.163.133.shell: Flags [S], seq 1256853495, win 1024, options [mss 1460], length 0
10:53:59.230996 IP 192.168.163.133.shell > 192.168.163.129.33226: Flags [S.], seq 4162001199, ack 1256853496, win 5840, options [mss 1460], length 0
10:53:59.231109 IP 192.168.163.129.33226 > 192.168.163.133.shell: Flags [R], seq 1256853496, win 0, length 0
10:53:59.236308 IP 192.168.163.129.33226 > 192.168.163.133.enbd-cstatd: Flags [S], seq 1256853495, win 1024, options [mss 1460], length 0
10:53:59.236392 IP 192.168.163.133.enbd-cstatd > 192.168.163.129.33226: Flags [R.], seq 0, ack 1256853496, win 0, length 0
10:53:59.241847 IP 192.168.163.129.33226 > 192.168.163.133.26: Flags [S], seq 1256853495, win 1024, options [mss 1460], length 0
10:53:59.241941 IP 192.168.163.133.26 > 192.168.163.129.33226: Flags [R.], seq 0, ack 1256853496, win 0, length 0
10:53:59.247339 IP 192.168.163.129.33226 > 192.168.163.133.login: Flags [S], seq 1256853495, win 1024, options [mss 1460], length 0
10:53:59.247429 IP 192.168.163.133.login > 192.168.163.129.33226: Flags [S.], seq 4166978330, ack 1256853496, win 5840, options [mss 1460], length 0
10:53:59.247510 IP 192.168.163.129.33226 > 192.168.163.133.login: Flags [R], seq 1256853496, win 0, length 0
10:53:59.252380 IP 192.168.163.129.33226 > 192.168.163.133.49154: Flags [S], seq 1256853495, win 1024, options [mss 1460], length 0
10:53:59.252513 IP 192.168.163.133.49154 > 192.168.163.129.33226: Flags [R.], seq 0, ack 1256853496, win 0, length 0
10:53:59.257896 IP 192.168.163.129.33226 > 192.168.163.133.1029: Flags [S], seq 1256853495, win 1024, options [mss 1460], length 0
10:53:59.257991 IP 192.168.163.133.1029 > 192.168.163.129.33226: Flags [R.], seq 0, ack 1256853496, win 0, length 0
10:53:59.269005 IP 192.168.163.129.33225 > 192.168.163.133.urd: Flags [S], seq 1256919030, win 1024, options [mss 1460], length 0
10:53:59.269111 IP 192.168.163.133.urd > 192.168.163.129.33225: Flags [R.], seq 0, ack 1256919031, win 0, length 0
10:53:59.279491 IP 192.168.163.129.33225 > 192.168.163.133.1755: Flags [S], seq 1256919030, win 1024, options [mss 1460], length 0
10:53:59.279632 IP 192.168.163.133.1755 > 192.168.163.129.33225: Flags [R.], seq 0, ack 1256919031, win 0, length 0
10:53:59.290185 IP 192.168.163.129.33225 > 192.168.163.133.x11: Flags [S], seq 1256919030, win 1024, options [mss 1460], length 0
10:53:59.290382 IP 192.168.163.133.x11 > 192.168.163.129.33225: Flags [S.], seq 4169342108, ack 1256919031, win 5840, options [mss 1460], length 0
10:53:59.290495 IP 192.168.163.129.33225 > 192.168.163.133.x11: Flags [R], seq 1256919031, win 0, length 0
10:53:59.300266 IP 192.168.163.129.33225 > 192.168.163.133.ldap: Flags [S], seq 1256919030, win 1024, options [mss 1460], length 0
10:53:59.300417 IP 192.168.163.133.ldap > 192.168.163.129.33225: Flags [R.], seq 0, ack 1256919031, win 0, length 0
10:53:59.310358 IP 192.168.163.129.33225 > 192.168.163.133.klogin: Flags [S], seq 1256919030, win 1024, options [mss 1460], length 0
10:53:59.310560 IP 192.168.163.133.klogin > 192.168.163.129.33225: Flags [R.], seq 0, ack 1256919031, win 0, length 0
10:53:59.320474 IP 192.168.163.129.33225 > 192.168.163.133.7070: Flags [S], seq 1256919030, win 1024, options [mss 1460], length 0
10:53:59.320594 IP 192.168.163.133.7070 > 192.168.163.129.33225: Flags [R.], seq 0, ack 1256919031, win 0, length 0
10:53:59.330535 IP 192.168.163.129.33225 > 192.168.163.133.poppassd: Flags [S], seq 1256919030, win 1024, options [mss 1460], length 0
10:53:59.330695 IP 192.168.163.133.poppassd > 192.168.163.129.33225: Flags [R.], seq 0, ack 1256919031, win 0, length 0
10:53:59.340657 IP 192.168.163.129.33225 > 192.168.163.133.49156: Flags [S], seq 1256919030, win 1024, options [mss 1460], length 0
10:53:59.340818 IP 192.168.163.133.49156 > 192.168.163.129.33225: Flags [R.], seq 0, ack 1256919031, win 0, length 0
10:53:59.351217 IP 192.168.163.129.33225 > 192.168.163.133.rsync: Flags [S], seq 1256919030, win 1024, options [mss 1460], length 0
10:53:59.351360 IP 192.168.163.133.rsync > 192.168.163.129.33225: Flags [R.], seq 0, ack 1256919031, win 0, length 0
10:53:59.361713 IP 192.168.163.129.33225 > 192.168.163.133.9999: Flags [S], seq 1256919030, win 1024, options [mss 1460], length 0
10:53:59.361851 IP 192.168.163.133.9999 > 192.168.163.129.33225: Flags [R.], seq 0, ack 1256919031, win 0, length 0
10:53:59.372212 IP 192.168.163.129.33226 > 192.168.163.133.urd: Flags [S], seq 1256853495, win 1024, options [mss 1460], length 0
10:53:59.372327 IP 192.168.163.133.urd > 192.168.163.129.33226: Flags [R.], seq 0, ack 1256853496, win 0, length 0
10:53:59.382798 IP 192.168.163.129.33226 > 192.168.163.133.1755: Flags [S], seq 1256853495, win 1024, options [mss 1460], length 0
10:53:59.382930 IP 192.168.163.133.1755 > 192.168.163.129.33226: Flags [R.], seq 0, ack 1256853496, win 0, length 0
10:53:59.393337 IP 192.168.163.129.33226 > 192.168.163.133.x11: Flags [S], seq 1256853495, win 1024, options [mss 1460], length 0
10:53:59.393487 IP 192.168.163.133.x11 > 192.168.163.129.33226: Flags [S.], seq 4161858985, ack 1256853496, win 5840, options [mss 1460], length 0
10:53:59.393592 IP 192.168.163.129.33226 > 192.168.163.133.x11: Flags [R], seq 1256853496, win 0, length 0
10:53:59.403788 IP 192.168.163.129.33226 > 192.168.163.133.ldap: Flags [S], seq 1256853495, win 1024, options [mss 1460], length 0
10:53:59.403902 IP 192.168.163.133.ldap > 192.168.163.129.33226: Flags [R.], seq 0, ack 1256853496, win 0, length 0
10:53:59.414357 IP 192.168.163.129.33226 > 192.168.163.133.klogin: Flags [S], seq 1256853495, win 1024, options [mss 1460], length 0
10:53:59.414489 IP 192.168.163.133.klogin > 192.168.163.129.33226: Flags [R.], seq 0, ack 1256853496, win 0, length 0
10:53:59.424870 IP 192.168.163.129.33226 > 192.168.163.133.7070: Flags [S], seq 1256853495, win 1024, options [mss 1460], length 0
10:53:59.424985 IP 192.168.163.133.7070 > 192.168.163.129.33226: Flags [R.], seq 0, ack 1256853496, win 0, length 0
10:53:59.435351 IP 192.168.163.129.33226 > 192.168.163.133.poppassd: Flags [S], seq 1256853495, win 1024, options [mss 1460], length 0
10:53:59.435451 IP 192.168.163.133.poppassd > 192.168.163.129.33226: Flags [R.], seq 0, ack 1256853496, win 0, length 0
10:53:59.445956 IP 192.168.163.129.33226 > 192.168.163.133.49156: Flags [S], seq 1256853495, win 1024, options [mss 1460], length 0
10:53:59.446080 IP 192.168.163.133.49156 > 192.168.163.129.33226: Flags [R.], seq 0, ack 1256853496, win 0, length 0
10:53:59.456438 IP 192.168.163.129.33226 > 192.168.163.133.rsync: Flags [S], seq 1256853495, win 1024, options [mss 1460], length 0
10:53:59.456544 IP 192.168.163.133.rsync > 192.168.163.129.33226: Flags [R.], seq 0, ack 1256853496, win 0, length 0
10:53:59.466976 IP 192.168.163.129.33225 > 192.168.163.133.8008: Flags [S], seq 1256919030, win 1024, options [mss 1460], length 0
10:53:59.467084 IP 192.168.163.133.8008 > 192.168.163.129.33225: Flags [R.], seq 0, ack 1256919031, win 0, length 0
10:53:59.477505 IP 192.168.163.129.33225 > 192.168.163.133.1026: Flags [S], seq 1256919030, win 1024, options [mss 1460], length 0
10:53:59.477616 IP 192.168.163.133.1026 > 192.168.163.129.33225: Flags [R.], seq 0, ack 1256919031, win 0, length 0
10:53:59.488027 IP 192.168.163.129.33225 > 192.168.163.133.printer: Flags [S], seq 1256919030, win 1024, options [mss 1460], length 0
10:53:59.488145 IP 192.168.163.133.printer > 192.168.163.129.33225: Flags [R.], seq 0, ack 1256919031, win 0, length 0
10:53:59.498555 IP 192.168.163.129.33225 > 192.168.163.133.bgp: Flags [S], seq 1256919030, win 1024, options [mss 1460], length 0
10:53:59.498681 IP 192.168.163.133.bgp > 192.168.163.129.33225: Flags [R.], seq 0, ack 1256919031, win 0, length 0
10:53:59.509092 IP 192.168.163.129.33225 > 192.168.163.133.x11-1: Flags [S], seq 1256919030, win 1024, options [mss 1460], length 0
10:53:59.509194 IP 192.168.163.133.x11-1 > 192.168.163.129.33225: Flags [R.], seq 0, ack 1256919031, win 0, length 0
10:53:59.519580 IP 192.168.163.129.33225 > 192.168.163.133.3128: Flags [S], seq 1256919030, win 1024, options [mss 1460], length 0
10:53:59.519677 IP 192.168.163.133.3128 > 192.168.163.129.33225: Flags [R.], seq 0, ack 1256919031, win 0, length 0
10:53:59.530123 IP 192.168.163.129.33225 > 192.168.163.133.radmin-port: Flags [S], seq 1256919030, win 1024, options [mss 1460], length 0
10:53:59.530226 IP 192.168.163.133.radmin-port > 192.168.163.129.33225: Flags [R.], seq 0, ack 1256919031, win 0, length 0
10:53:59.567265 IP 192.168.163.129.33226 > 192.168.163.133.8008: Flags [S], seq 1256853495, win 1024, options [mss 1460], length 0
10:53:59.567396 IP 192.168.163.133.8008 > 192.168.163.129.33226: Flags [R.], seq 0, ack 1256853496, win 0, length 0
10:53:59.577786 IP 192.168.163.129.33226 > 192.168.163.133.1026: Flags [S], seq 1256853495, win 1024, options [mss 1460], length 0
10:53:59.577935 IP 192.168.163.133.1026 > 192.168.163.129.33226: Flags [R.], seq 0, ack 1256853496, win 0, length 0
10:53:59.588308 IP 192.168.163.129.33226 > 192.168.163.133.printer: Flags [S], seq 1256853495, win 1024, options [mss 1460], length 0
10:53:59.588429 IP 192.168.163.133.printer > 192.168.163.129.33226: Flags [R.], seq 0, ack 1256853496, win 0, length 0
10:53:59.598845 IP 192.168.163.129.33226 > 192.168.163.133.bgp: Flags [S], seq 1256853495, win 1024, options [mss 1460], length 0
10:53:59.598990 IP 192.168.163.133.bgp > 192.168.163.129.33226: Flags [R.], seq 0, ack 1256853496, win 0, length 0
10:53:59.609406 IP 192.168.163.129.33226 > 192.168.163.133.x11-1: Flags [S], seq 1256853495, win 1024, options [mss 1460], length 0
10:53:59.609534 IP 192.168.163.133.x11-1 > 192.168.163.129.33226: Flags [R.], seq 0, ack 1256853496, win 0, length 0
10:53:59.619851 IP 192.168.163.129.33226 > 192.168.163.133.3128: Flags [S], seq 1256853495, win 1024, options [mss 1460], length 0
10:53:59.619954 IP 192.168.163.133.3128 > 192.168.163.129.33226: Flags [R.], seq 0, ack 1256853496, win 0, length 0
10:53:59.630423 IP 192.168.163.129.33226 > 192.168.163.133.radmin-port: Flags [S], seq 1256853495, win 1024, options [mss 1460], length 0
10:53:59.630555 IP 192.168.163.133.radmin-port > 192.168.163.129.33226: Flags [R.], seq 0, ack 1256853496, win 0, length 0
10:53:59.667540 IP 192.168.163.129.33225 > 192.168.163.133.5000: Flags [S], seq 1256919030, win 1024, options [mss 1460], length 0
10:53:59.667664 IP 192.168.163.133.5000 > 192.168.163.129.33225: Flags [R.], seq 0, ack 1256919031, win 0, length 0
10:53:59.767782 IP 192.168.163.129.33226 > 192.168.163.133.5000: Flags [S], seq 1256853495, win 1024, options [mss 1460], length 0
10:53:59.767909 IP 192.168.163.133.5000 > 192.168.163.129.33226: Flags [R.], seq 0, ack 1256853496, win 0, length 0
10:54:10.453604 IP 192.168.163.129.60161 > 192.168.163.2.domain: 47638+ A? google.com. (28)
10:54:12.458345 IP 192.168.163.2.domain > 192.168.163.129.60161: 47638 1/4/4 A 216.58.219.206 (180)
10:54:12.458855 IP 192.168.163.129 > 216.58.219.206: ICMP echo request, id 7592, seq 1, length 64
10:54:12.470735 IP 216.58.219.206 > 192.168.163.129: ICMP echo reply, id 7592, seq 1, length 64
10:54:12.471027 IP 192.168.163.129.50110 > 192.168.163.2.domain: 60056+ PTR? 206.219.58.216.in-addr.arpa. (45)
10:54:12.474640 IP 192.168.163.2.domain > 192.168.163.129.50110: 60056 2/4/4 PTR lga25s40-in-f206.1e100.net., PTR lga25s40-in-f14.1e100.net. (261)
10:54:12.586351 IP6 fe80::2d57:ebc2:f186:63c4.dhcpv6-client > ff02::1:2.dhcpv6-server: dhcp6 solicit
10:54:13.460239 IP 192.168.163.129 > 216.58.219.206: ICMP echo request, id 7592, seq 2, length 64
10:54:13.472144 IP 216.58.219.206 > 192.168.163.129: ICMP echo reply, id 7592, seq 2, length 64
10:54:14.461885 IP 192.168.163.129 > 216.58.219.206: ICMP echo request, id 7592, seq 3, length 64
10:54:14.473930 IP 216.58.219.206 > 192.168.163.129: ICMP echo reply, id 7592, seq 3, length 64

