10:53:26.735199 ARP, Request who-has 192.168.163.133 (Broadcast) tell 192.168.163.129, length 46
10:53:26.735527 ARP, Reply 192.168.163.133 is-at 00:0c:29:30:fc:2e (oui Unknown), length 46
10:53:26.935753 IP 192.168.163.129.58868 > 192.168.163.2.domain: 6992+ PTR? 133.163.168.192.in-addr.arpa. (46)
10:53:26.939086 IP 192.168.163.2.domain > 192.168.163.129.58868: 6992 NXDomain 0/1/0 (114)
10:53:26.939875 IP 192.168.163.129.48152 > 192.168.163.133.domain: Flags [S], seq 4120185580, win 1024, options [mss 1460], length 0
10:53:26.939919 IP 192.168.163.129.48152 > 192.168.163.133.mysql: Flags [S], seq 4120185580, win 1024, options [mss 1460], length 0
10:53:26.939968 IP 192.168.163.129.48152 > 192.168.163.133.imap2: Flags [S], seq 4120185580, win 1024, options [mss 1460], length 0
10:53:26.939997 IP 192.168.163.129.48152 > 192.168.163.133.pop3: Flags [S], seq 4120185580, win 1024, options [mss 1460], length 0
10:53:26.940131 IP 192.168.163.129.48152 > 192.168.163.133.telnet: Flags [S], seq 4120185580, win 1024, options [mss 1460], length 0
10:53:26.940150 IP 192.168.163.129.48152 > 192.168.163.133.sunrpc: Flags [S], seq 4120185580, win 1024, options [mss 1460], length 0
10:53:26.940179 IP 192.168.163.129.48152 > 192.168.163.133.5900: Flags [S], seq 4120185580, win 1024, options [mss 1460], length 0
10:53:26.940210 IP 192.168.163.129.48152 > 192.168.163.133.3389: Flags [S], seq 4120185580, win 1024, options [mss 1460], length 0
10:53:26.940228 IP 192.168.163.129.48152 > 192.168.163.133.loc-srv: Flags [S], seq 4120185580, win 1024, options [mss 1460], length 0
10:53:26.940246 IP 192.168.163.129.48152 > 192.168.163.133.imaps: Flags [S], seq 4120185580, win 1024, options [mss 1460], length 0
10:53:26.940460 IP 192.168.163.133.domain > 192.168.163.129.48152: Flags [S.], seq 3667184772, ack 4120185581, win 5840, options [mss 1460], length 0
10:53:26.940467 IP 192.168.163.133.telnet > 192.168.163.129.48152: Flags [S.], seq 3667401398, ack 4120185581, win 5840, options [mss 1460], length 0
10:53:26.940496 IP 192.168.163.133.sunrpc > 192.168.163.129.48152: Flags [S.], seq 3660060156, ack 4120185581, win 5840, options [mss 1460], length 0
10:53:26.940589 IP 192.168.163.133.5900 > 192.168.163.129.48152: Flags [S.], seq 3655083583, ack 4120185581, win 5840, options [mss 1460], length 0
10:53:26.940646 IP 192.168.163.133.3389 > 192.168.163.129.48152: Flags [R.], seq 0, ack 4120185581, win 0, length 0
10:53:26.940677 IP 192.168.163.133.loc-srv > 192.168.163.129.48152: Flags [R.], seq 0, ack 4120185581, win 0, length 0
10:53:26.940706 IP 192.168.163.133.imaps > 192.168.163.129.48152: Flags [R.], seq 0, ack 4120185581, win 0, length 0
10:53:26.940722 IP 192.168.163.133.mysql > 192.168.163.129.48152: Flags [S.], seq 3661243935, ack 4120185581, win 5840, options [mss 1460], length 0
10:53:26.940739 IP 192.168.163.133.imap2 > 192.168.163.129.48152: Flags [R.], seq 0, ack 4120185581, win 0, length 0
10:53:26.940755 IP 192.168.163.133.pop3 > 192.168.163.129.48152: Flags [R.], seq 0, ack 4120185581, win 0, length 0
10:53:26.940781 IP 192.168.163.129.48152 > 192.168.163.133.domain: Flags [R], seq 4120185581, win 0, length 0
10:53:26.940812 IP 192.168.163.129.48152 > 192.168.163.133.5900: Flags [R], seq 4120185581, win 0, length 0
10:53:26.940829 IP 192.168.163.129.48152 > 192.168.163.133.mysql: Flags [R], seq 4120185581, win 0, length 0
10:53:26.940947 IP 192.168.163.129.48152 > 192.168.163.133.telnet: Flags [R], seq 4120185581, win 0, length 0
10:53:26.940984 IP 192.168.163.129.48152 > 192.168.163.133.sunrpc: Flags [R], seq 4120185581, win 0, length 0
10:53:28.041506 IP 192.168.163.129.48153 > 192.168.163.133.imaps: Flags [S], seq 4120120045, win 1024, options [mss 1460], length 0
10:53:28.041581 IP 192.168.163.129.48153 > 192.168.163.133.loc-srv: Flags [S], seq 4120120045, win 1024, options [mss 1460], length 0
10:53:28.041612 IP 192.168.163.129.48153 > 192.168.163.133.3389: Flags [S], seq 4120120045, win 1024, options [mss 1460], length 0
10:53:28.041644 IP 192.168.163.129.48153 > 192.168.163.133.5900: Flags [S], seq 4120120045, win 1024, options [mss 1460], length 0
10:53:28.041672 IP 192.168.163.129.48153 > 192.168.163.133.sunrpc: Flags [S], seq 4120120045, win 1024, options [mss 1460], length 0
10:53:28.041702 IP 192.168.163.129.48153 > 192.168.163.133.telnet: Flags [S], seq 4120120045, win 1024, options [mss 1460], length 0
10:53:28.041730 IP 192.168.163.129.48153 > 192.168.163.133.pop3: Flags [S], seq 4120120045, win 1024, options [mss 1460], length 0
10:53:28.041757 IP 192.168.163.129.48153 > 192.168.163.133.imap2: Flags [S], seq 4120120045, win 1024, options [mss 1460], length 0
10:53:28.041798 IP 192.168.163.129.48153 > 192.168.163.133.mysql: Flags [S], seq 4120120045, win 1024, options [mss 1460], length 0
10:53:28.041828 IP 192.168.163.129.48152 > 192.168.163.133.netbios-ssn: Flags [S], seq 4120185580, win 1024, options [mss 1460], length 0
10:53:28.041855 IP 192.168.163.129.48152 > 192.168.163.133.ssh: Flags [S], seq 4120185580, win 1024, options [mss 1460], length 0
10:53:28.041885 IP 192.168.163.129.48152 > 192.168.163.133.http-alt: Flags [S], seq 4120185580, win 1024, options [mss 1460], length 0
10:53:28.041914 IP 192.168.163.129.48152 > 192.168.163.133.auth: Flags [S], seq 4120185580, win 1024, options [mss 1460], length 0
10:53:28.041942 IP 192.168.163.129.48152 > 192.168.163.133.https: Flags [S], seq 4120185580, win 1024, options [mss 1460], length 0
10:53:28.041969 IP 192.168.163.129.48152 > 192.168.163.133.smux: Flags [S], seq 4120185580, win 1024, options [mss 1460], length 0
10:53:28.041999 IP 192.168.163.129.48152 > 192.168.163.133.submission: Flags [S], seq 4120185580, win 1024, options [mss 1460], length 0
10:53:28.042030 IP 192.168.163.129.48152 > 192.168.163.133.pop3s: Flags [S], seq 4120185580, win 1024, options [mss 1460], length 0
10:53:28.042047 IP 192.168.163.129.48152 > 192.168.163.133.1025: Flags [S], seq 4120185580, win 1024, options [mss 1460], length 0
10:53:28.042066 IP 192.168.163.129.48152 > 192.168.163.133.http: Flags [S], seq 4120185580, win 1024, options [mss 1460], length 0
10:53:28.042084 IP 192.168.163.129.48152 > 192.168.163.133.rtsp: Flags [S], seq 4120185580, win 1024, options [mss 1460], length 0
10:53:28.042101 IP 192.168.163.129.48152 > 192.168.163.133.1720: Flags [S], seq 4120185580, win 1024, options [mss 1460], length 0
10:53:28.042131 IP 192.168.163.133.imaps > 192.168.163.129.48153: Flags [R.], seq 0, ack 4120120046, win 0, length 0
10:53:28.042163 IP 192.168.163.133.loc-srv > 192.168.163.129.48153: Flags [R.], seq 0, ack 4120120046, win 0, length 0
10:53:28.042191 IP 192.168.163.133.3389 > 192.168.163.129.48153: Flags [R.], seq 0, ack 4120120046, win 0, length 0
10:53:28.042219 IP 192.168.163.133.5900 > 192.168.163.129.48153: Flags [S.], seq 3669274961, ack 4120120046, win 5840, options [mss 1460], length 0
10:53:28.042248 IP 192.168.163.133.sunrpc > 192.168.163.129.48153: Flags [S.], seq 3677726528, ack 4120120046, win 5840, options [mss 1460], length 0
10:53:28.042265 IP 192.168.163.133.telnet > 192.168.163.129.48153: Flags [S.], seq 3673944072, ack 4120120046, win 5840, options [mss 1460], length 0
10:53:28.042296 IP 192.168.163.133.pop3 > 192.168.163.129.48153: Flags [R.], seq 0, ack 4120120046, win 0, length 0
10:53:28.042326 IP 192.168.163.133.imap2 > 192.168.163.129.48153: Flags [R.], seq 0, ack 4120120046, win 0, length 0
10:53:28.042364 IP 192.168.163.133.mysql > 192.168.163.129.48153: Flags [S.], seq 3676620601, ack 4120120046, win 5840, options [mss 1460], length 0
10:53:28.042392 IP 192.168.163.133.netbios-ssn > 192.168.163.129.48152: Flags [S.], seq 3685035491, ack 4120185581, win 5840, options [mss 1460], length 0
10:53:28.042421 IP 192.168.163.133.ssh > 192.168.163.129.48152: Flags [S.], seq 3669238675, ack 4120185581, win 5840, options [mss 1460], length 0
10:53:28.042450 IP 192.168.163.133.http-alt > 192.168.163.129.48152: Flags [R.], seq 0, ack 4120185581, win 0, length 0
10:53:28.042480 IP 192.168.163.133.auth > 192.168.163.129.48152: Flags [R.], seq 0, ack 4120185581, win 0, length 0
10:53:28.042520 IP 192.168.163.133.https > 192.168.163.129.48152: Flags [R.], seq 0, ack 4120185581, win 0, length 0
10:53:28.042537 IP 192.168.163.133.smux > 192.168.163.129.48152: Flags [R.], seq 0, ack 4120185581, win 0, length 0
10:53:28.042565 IP 192.168.163.133.submission > 192.168.163.129.48152: Flags [R.], seq 0, ack 4120185581, win 0, length 0
10:53:28.042611 IP 192.168.163.133.pop3s > 192.168.163.129.48152: Flags [R.], seq 0, ack 4120185581, win 0, length 0
10:53:28.042629 IP 192.168.163.133.1025 > 192.168.163.129.48152: Flags [R.], seq 0, ack 4120185581, win 0, length 0
10:53:28.042645 IP 192.168.163.133.http > 192.168.163.129.48152: Flags [S.], seq 3672759714, ack 4120185581, win 5840, options [mss 1460], length 0
10:53:28.042661 IP 192.168.163.133.rtsp > 192.168.163.129.48152: Flags [R.], seq 0, ack 4120185581, win 0, length 0
10:53:28.042677 IP 192.168.163.133.1720 > 192.168.163.129.48152: Flags [R.], seq 0, ack 4120185581, win 0, length 0
10:53:28.042707 IP 192.168.163.129.48153 > 192.168.163.133.5900: Flags [R], seq 4120120046, win 0, length 0
10:53:28.042738 IP 192.168.163.129.48153 > 192.168.163.133.sunrpc: Flags [R], seq 4120120046, win 0, length 0
10:53:28.042754 IP 192.168.163.129.48153 > 192.168.163.133.telnet: Flags [R], seq 4120120046, win 0, length 0
10:53:28.042770 IP 192.168.163.129.48153 > 192.168.163.133.mysql: Flags [R], seq 4120120046, win 0, length 0
10:53:28.042798 IP 192.168.163.129.48152 > 192.168.163.133.netbios-ssn: Flags [R], seq 4120185581, win 0, length 0
10:53:28.042814 IP 192.168.163.129.48152 > 192.168.163.133.ssh: Flags [R], seq 4120185581, win 0, length 0
10:53:28.042833 IP 192.168.163.129.48152 > 192.168.163.133.http: Flags [R], seq 4120185581, win 0, length 0
10:53:28.044367 IP 192.168.163.129.48152 > 192.168.163.133.1723: Flags [S], seq 4120185580, win 1024, options [mss 1460], length 0
10:53:28.044452 IP 192.168.163.129.48152 > 192.168.163.133.ftp: Flags [S], seq 4120185580, win 1024, options [mss 1460], length 0
10:53:28.044485 IP 192.168.163.129.48152 > 192.168.163.133.8888: Flags [S], seq 4120185580, win 1024, options [mss 1460], length 0
10:53:28.044516 IP 192.168.163.129.48152 > 192.168.163.133.smtp: Flags [S], seq 4120185580, win 1024, options [mss 1460], length 0
10:53:28.044606 IP 192.168.163.129.48152 > 192.168.163.133.microsoft-ds: Flags [S], seq 4120185580, win 1024, options [mss 1460], length 0
10:53:28.044637 IP 192.168.163.129.48152 > 192.168.163.133.5101: Flags [S], seq 4120185580, win 1024, options [mss 1460], length 0
10:53:28.044666 IP 192.168.163.129.48152 > 192.168.163.133.1028: Flags [S], seq 4120185580, win 1024, options [mss 1460], length 0
10:53:28.044696 IP 192.168.163.129.48152 > 192.168.163.133.daytime: Flags [S], seq 4120185580, win 1024, options [mss 1460], length 0
10:53:28.044725 IP 192.168.163.129.48152 > 192.168.163.133.shell: Flags [S], seq 4120185580, win 1024, options [mss 1460], length 0
10:53:28.044753 IP 192.168.163.129.48152 > 192.168.163.133.urd: Flags [S], seq 4120185580, win 1024, options [mss 1460], length 0
10:53:28.044804 IP 192.168.163.129.48152 > 192.168.163.133.49154: Flags [S], seq 4120185580, win 1024, options [mss 1460], length 0
10:53:28.044835 IP 192.168.163.129.48152 > 192.168.163.133.cisco-sccp: Flags [S], seq 4120185580, win 1024, options [mss 1460], length 0
10:53:28.044866 IP 192.168.163.129.48152 > 192.168.163.133.6646: Flags [S], seq 4120185580, win 1024, options [mss 1460], length 0
10:53:28.044896 IP 192.168.163.129.48152 > 192.168.163.133.2001: Flags [S], seq 4120185580, win 1024, options [mss 1460], length 0
10:53:28.044924 IP 192.168.163.129.48152 > 192.168.163.133.49152: Flags [S], seq 4120185580, win 1024, options [mss 1460], length 0
10:53:28.044952 IP 192.168.163.129.48152 > 192.168.163.133.nrpe: Flags [S], seq 4120185580, win 1024, options [mss 1460], length 0
10:53:28.044984 IP 192.168.163.129.48152 > 192.168.163.133.1755: Flags [S], seq 4120185580, win 1024, options [mss 1460], length 0
10:53:28.045013 IP 192.168.163.129.48152 > 192.168.163.133.32768: Flags [S], seq 4120185580, win 1024, options [mss 1460], length 0
10:53:28.045043 IP 192.168.163.129.48152 > 192.168.163.133.1029: Flags [S], seq 4120185580, win 1024, options [mss 1460], length 0
10:53:28.045086 IP 192.168.163.129.48152 > 192.168.163.133.tproxy: Flags [S], seq 4120185580, win 1024, options [mss 1460], length 0
10:53:28.045119 IP 192.168.163.129.48152 > 192.168.163.133.2717: Flags [S], seq 4120185580, win 1024, options [mss 1460], length 0
10:53:28.045147 IP 192.168.163.129.48152 > 192.168.163.133.bgp: Flags [S], seq 4120185580, win 1024, options [mss 1460], length 0
10:53:28.045176 IP 192.168.163.129.48152 > 192.168.163.133.5357: Flags [S], seq 4120185580, win 1024, options [mss 1460], length 0
10:53:28.045193 IP 192.168.163.129.48152 > 192.168.163.133.rsync: Flags [S], seq 4120185580, win 1024, options [mss 1460], length 0
10:53:28.045222 IP 192.168.163.129.48152 > 192.168.163.133.646: Flags [S], seq 4120185580, win 1024, options [mss 1460], length 0
10:53:28.045238 IP 192.168.163.129.48152 > 192.168.163.133.ftps: Flags [S], seq 4120185580, win 1024, options [mss 1460], length 0
10:53:28.045261 IP 192.168.163.129.48152 > 192.168.163.133.9999: Flags [S], seq 4120185580, win 1024, options [mss 1460], length 0
10:53:28.045289 IP 192.168.163.129.48152 > 192.168.163.133.5000: Flags [S], seq 4120185580, win 1024, options [mss 1460], length 0
10:53:28.045322 IP 192.168.163.133.1723 > 192.168.163.129.48152: Flags [R.], seq 0, ack 4120185581, win 0, length 0
10:53:28.045359 IP 192.168.163.133.ftp > 192.168.163.129.48152: Flags [S.], seq 3678724106, ack 4120185581, win 5840, options [mss 1460], length 0
10:53:28.045396 IP 192.168.163.133.8888 > 192.168.163.129.48152: Flags [R.], seq 0, ack 4120185581, win 0, length 0
10:53:28.045447 IP 192.168.163.133.smtp > 192.168.163.129.48152: Flags [S.], seq 3675879423, ack 4120185581, win 5840, options [mss 1460], length 0
10:53:28.045484 IP 192.168.163.133.microsoft-ds > 192.168.163.129.48152: Flags [S.], seq 3685232554, ack 4120185581, win 5840, options [mss 1460], length 0
10:53:28.045542 IP 192.168.163.133.5101 > 192.168.163.129.48152: Flags [R.], seq 0, ack 4120185581, win 0, length 0
10:53:28.045593 IP 192.168.163.133.1028 > 192.168.163.129.48152: Flags [R.], seq 0, ack 4120185581, win 0, length 0
10:53:28.045646 IP 192.168.163.133.daytime > 192.168.163.129.48152: Flags [R.], seq 0, ack 4120185581, win 0, length 0
10:53:28.045683 IP 192.168.163.133.shell > 192.168.163.129.48152: Flags [S.], seq 3674390459, ack 4120185581, win 5840, options [mss 1460], length 0
10:53:28.045720 IP 192.168.163.133.urd > 192.168.163.129.48152: Flags [R.], seq 0, ack 4120185581, win 0, length 0
10:53:28.045758 IP 192.168.163.133.49154 > 192.168.163.129.48152: Flags [R.], seq 0, ack 4120185581, win 0, length 0
10:53:28.045780 IP 192.168.163.133.cisco-sccp > 192.168.163.129.48152: Flags [R.], seq 0, ack 4120185581, win 0, length 0
10:53:28.045815 IP 192.168.163.133.6646 > 192.168.163.129.48152: Flags [R.], seq 0, ack 4120185581, win 0, length 0
10:53:28.045836 IP 192.168.163.133.2001 > 192.168.163.129.48152: Flags [R.], seq 0, ack 4120185581, win 0, length 0
10:53:28.045857 IP 192.168.163.133.49152 > 192.168.163.129.48152: Flags [R.], seq 0, ack 4120185581, win 0, length 0
10:53:28.045879 IP 192.168.163.133.nrpe > 192.168.163.129.48152: Flags [R.], seq 0, ack 4120185581, win 0, length 0
10:53:28.045905 IP 192.168.163.133.1755 > 192.168.163.129.48152: Flags [R.], seq 0, ack 4120185581, win 0, length 0
10:53:28.045924 IP 192.168.163.133.32768 > 192.168.163.129.48152: Flags [R.], seq 0, ack 4120185581, win 0, length 0
10:53:28.045945 IP 192.168.163.133.1029 > 192.168.163.129.48152: Flags [R.], seq 0, ack 4120185581, win 0, length 0
10:53:28.045965 IP 192.168.163.133.tproxy > 192.168.163.129.48152: Flags [R.], seq 0, ack 4120185581, win 0, length 0
10:53:28.045986 IP 192.168.163.133.2717 > 192.168.163.129.48152: Flags [R.], seq 0, ack 4120185581, win 0, length 0
10:53:28.046007 IP 192.168.163.133.bgp > 192.168.163.129.48152: Flags [R.], seq 0, ack 4120185581, win 0, length 0
10:53:28.046027 IP 192.168.163.133.5357 > 192.168.163.129.48152: Flags [R.], seq 0, ack 4120185581, win 0, length 0
10:53:28.046049 IP 192.168.163.133.rsync > 192.168.163.129.48152: Flags [R.], seq 0, ack 4120185581, win 0, length 0
10:53:28.046070 IP 192.168.163.133.646 > 192.168.163.129.48152: Flags [R.], seq 0, ack 4120185581, win 0, length 0
10:53:28.046090 IP 192.168.163.133.ftps > 192.168.163.129.48152: Flags [R.], seq 0, ack 4120185581, win 0, length 0
10:53:28.046111 IP 192.168.163.133.9999 > 192.168.163.129.48152: Flags [R.], seq 0, ack 4120185581, win 0, length 0
10:53:28.046131 IP 192.168.163.133.5000 > 192.168.163.129.48152: Flags [R.], seq 0, ack 4120185581, win 0, length 0
10:53:28.046178 IP 192.168.163.129.48152 > 192.168.163.133.ftp: Flags [R], seq 4120185581, win 0, length 0
10:53:28.046201 IP 192.168.163.129.48152 > 192.168.163.133.smtp: Flags [R], seq 4120185581, win 0, length 0
10:53:28.046219 IP 192.168.163.129.48152 > 192.168.163.133.microsoft-ds: Flags [R], seq 4120185581, win 0, length 0
10:53:28.046236 IP 192.168.163.129.48152 > 192.168.163.133.shell: Flags [R], seq 4120185581, win 0, length 0
10:53:28.141891 IP 192.168.163.129.48152 > 192.168.163.133.ms-sql-s: Flags [S], seq 4120185580, win 1024, options [mss 1460], length 0
10:53:28.141961 IP 192.168.163.129.48152 > 192.168.163.133.finger: Flags [S], seq 4120185580, win 1024, options [mss 1460], length 0
10:53:28.141994 IP 192.168.163.129.48152 > 192.168.163.133.aol: Flags [S], seq 4120185580, win 1024, options [mss 1460], length 0
10:53:28.142011 IP 192.168.163.129.48152 > 192.168.163.133.sip: Flags [S], seq 4120185580, win 1024, options [mss 1460], length 0
10:53:28.142027 IP 192.168.163.129.48152 > 192.168.163.133.1027: Flags [S], seq 4120185580, win 1024, options [mss 1460], length 0
10:53:28.142058 IP 192.168.163.129.48152 > 192.168.163.133.enbd-cstatd: Flags [S], seq 4120185580, win 1024, options [mss 1460], length 0
10:53:28.142077 IP 192.168.163.129.48152 > 192.168.163.133.x11-1: Flags [S], seq 4120185580, win 1024, options [mss 1460], length 0
10:53:28.142094 IP 192.168.163.129.48152 > 192.168.163.133.echo: Flags [S], seq 4120185580, win 1024, options [mss 1460], length 0
10:53:28.142123 IP 192.168.163.129.48152 > 192.168.163.133.9100: Flags [S], seq 4120185580, win 1024, options [mss 1460], length 0
10:53:28.142139 IP 192.168.163.129.48152 > 192.168.163.133.49153: Flags [S], seq 4120185580, win 1024, options [mss 1460], length 0
10:53:28.142191 IP 192.168.163.129.48152 > 192.168.163.133.144: Flags [S], seq 4120185580, win 1024, options [mss 1460], length 0
10:53:28.142210 IP 192.168.163.129.48152 > 192.168.163.133.x11: Flags [S], seq 4120185580, win 1024, options [mss 1460], length 0
10:53:28.142240 IP 192.168.163.129.48152 > 192.168.163.133.5009: Flags [S], seq 4120185580, win 1024, options [mss 1460], length 0
10:53:28.142256 IP 192.168.163.129.48152 > 192.168.163.133.nntp: Flags [S], seq 4120185580, win 1024, options [mss 1460], length 0
10:53:28.142299 IP 192.168.163.133.ms-sql-s > 192.168.163.129.48152: Flags [R.], seq 0, ack 4120185581, win 0, length 0
10:53:28.142322 IP 192.168.163.133.finger > 192.168.163.129.48152: Flags [R.], seq 0, ack 4120185581, win 0, length 0
10:53:28.142364 IP 192.168.163.129.48152 > 192.168.163.133.8008: Flags [S], seq 4120185580, win 1024, options [mss 1460], length 0
10:53:28.142384 IP 192.168.163.129.48152 > 192.168.163.133.49155: Flags [S], seq 4120185580, win 1024, options [mss 1460], length 0
10:53:28.142400 IP 192.168.163.129.48152 > 192.168.163.133.nfs: Flags [S], seq 4120185580, win 1024, options [mss 1460], length 0
10:53:28.142429 IP 192.168.163.129.48152 > 192.168.163.133.kshell: Flags [S], seq 4120185580, win 1024, options [mss 1460], length 0
10:53:28.142445 IP 192.168.163.129.48152 > 192.168.163.133.26: Flags [S], seq 4120185580, win 1024, options [mss 1460], length 0
10:53:28.142461 IP 192.168.163.129.48152 > 192.168.163.133.49156: Flags [S], seq 4120185580, win 1024, options [mss 1460], length 0
10:53:28.142490 IP 192.168.163.129.48152 > 192.168.163.133.5800: Flags [S], seq 4120185580, win 1024, options [mss 1460], length 0
10:53:28.142507 IP 192.168.163.129.48152 > 192.168.163.133.postgresql: Flags [S], seq 4120185580, win 1024, options [mss 1460], length 0
10:53:28.142548 IP 192.168.163.129.48152 > 192.168.163.133.iprop: Flags [S], seq 4120185580, win 1024, options [mss 1460], length 0
10:53:28.142566 IP 192.168.163.129.48152 > 192.168.163.133.discard: Flags [S], seq 4120185580, win 1024, options [mss 1460], length 0
10:53:28.142592 IP 192.168.163.133.aol > 192.168.163.129.48152: Flags [R.], seq 0, ack 4120185581, win 0, length 0
10:53:28.142612 IP 192.168.163.133.sip > 192.168.163.129.48152: Flags [R.], seq 0, ack 4120185581, win 0, length 0
10:53:28.142629 IP 192.168.163.133.1027 > 192.168.163.129.48152: Flags [R.], seq 0, ack 4120185581, win 0, length 0
10:53:28.142659 IP 192.168.163.133.enbd-cstatd > 192.168.163.129.48152: Flags [R.], seq 0, ack 4120185581, win 0, length 0
10:53:28.142675 IP 192.168.163.133.x11-1 > 192.168.163.129.48152: Flags [R.], seq 0, ack 4120185581, win 0, length 0
10:53:28.142693 IP 192.168.163.133.echo > 192.168.163.129.48152: Flags [R.], seq 0, ack 4120185581, win 0, length 0
10:53:28.142721 IP 192.168.163.133.9100 > 192.168.163.129.48152: Flags [R.], seq 0, ack 4120185581, win 0, length 0
10:53:28.142740 IP 192.168.163.133.49153 > 192.168.163.129.48152: Flags [R.], seq 0, ack 4120185581, win 0, length 0
10:53:28.142783 IP 192.168.163.129.48152 > 192.168.163.133.kerberos: Flags [S], seq 4120185580, win 1024, options [mss 1460], length 0
10:53:28.142802 IP 192.168.163.129.48152 > 192.168.163.133.7070: Flags [S], seq 4120185580, win 1024, options [mss 1460], length 0
10:53:28.142818 IP 192.168.163.129.48152 > 192.168.163.133.klogin: Flags [S], seq 4120185580, win 1024, options [mss 1460], length 0
10:53:28.142848 IP 192.168.163.129.48152 > 192.168.163.133.8000: Flags [S], seq 4120185580, win 1024, options [mss 1460], length 0
10:53:28.142864 IP 192.168.163.129.48152 > 192.168.163.133.3986: Flags [S], seq 4120185580, win 1024, options [mss 1460], length 0
10:53:28.142880 IP 192.168.163.129.48152 > 192.168.163.133.webmin: Flags [S], seq 4120185580, win 1024, options [mss 1460], length 0
10:53:28.142897 IP 192.168.163.129.48152 > 192.168.163.133.ipp: Flags [S], seq 4120185580, win 1024, options [mss 1460], length 0
10:53:28.142912 IP 192.168.163.129.48152 > 192.168.163.133.1026: Flags [S], seq 4120185580, win 1024, options [mss 1460], length 0
10:53:28.142938 IP 192.168.163.133.144 > 192.168.163.129.48152: Flags [R.], seq 0, ack 4120185581, win 0, length 0
10:53:28.142959 IP 192.168.163.133.x11 > 192.168.163.129.48152: Flags [S.], seq 3681125782, ack 4120185581, win 5840, options [mss 1460], length 0
10:53:28.142975 IP 192.168.163.133.5009 > 192.168.163.129.48152: Flags [R.], seq 0, ack 4120185581, win 0, length 0
10:53:28.143004 IP 192.168.163.133.nntp > 192.168.163.129.48152: Flags [R.], seq 0, ack 4120185581, win 0, length 0
10:53:28.143020 IP 192.168.163.133.8008 > 192.168.163.129.48152: Flags [R.], seq 0, ack 4120185581, win 0, length 0
10:53:28.143057 IP 192.168.163.129.48152 > 192.168.163.133.1110: Flags [S], seq 4120185580, win 1024, options [mss 1460], length 0
10:53:28.143090 IP 192.168.163.129.48152 > 192.168.163.133.x11: Flags [R], seq 4120185581, win 0, length 0
10:53:28.143116 IP 192.168.163.133.49155 > 192.168.163.129.48152: Flags [R.], seq 0, ack 4120185581, win 0, length 0
10:53:28.143136 IP 192.168.163.133.nfs > 192.168.163.129.48152: Flags [S.], seq 3673970097, ack 4120185581, win 5840, options [mss 1460], length 0
10:53:28.143175 IP 192.168.163.133.kshell > 192.168.163.129.48152: Flags [R.], seq 0, ack 4120185581, win 0, length 0
10:53:28.143197 IP 192.168.163.133.26 > 192.168.163.129.48152: Flags [R.], seq 0, ack 4120185581, win 0, length 0
10:53:28.143234 IP 192.168.163.133.49156 > 192.168.163.129.48152: Flags [R.], seq 0, ack 4120185581, win 0, length 0
10:53:28.143257 IP 192.168.163.133.5800 > 192.168.163.129.48152: Flags [R.], seq 0, ack 4120185581, win 0, length 0
10:53:28.143294 IP 192.168.163.133.postgresql > 192.168.163.129.48152: Flags [S.], seq 3675325131, ack 4120185581, win 5840, options [mss 1460], length 0
10:53:28.143319 IP 192.168.163.133.iprop > 192.168.163.129.48152: Flags [S.], seq 3685161037, ack 4120185581, win 5840, options [mss 1460], length 0
10:53:28.143358 IP 192.168.163.133.discard > 192.168.163.129.48152: Flags [R.], seq 0, ack 4120185581, win 0, length 0
10:53:28.143380 IP 192.168.163.133.kerberos > 192.168.163.129.48152: Flags [R.], seq 0, ack 4120185581, win 0, length 0
10:53:28.143418 IP 192.168.163.133.7070 > 192.168.163.129.48152: Flags [R.], seq 0, ack 4120185581, win 0, length 0
10:53:28.143441 IP 192.168.163.133.klogin > 192.168.163.129.48152: Flags [R.], seq 0, ack 4120185581, win 0, length 0
10:53:28.143482 IP 192.168.163.133.8000 > 192.168.163.129.48152: Flags [R.], seq 0, ack 4120185581, win 0, length 0
10:53:28.143504 IP 192.168.163.133.3986 > 192.168.163.129.48152: Flags [R.], seq 0, ack 4120185581, win 0, length 0
10:53:28.143552 IP 192.168.163.133.webmin > 192.168.163.129.48152: Flags [R.], seq 0, ack 4120185581, win 0, length 0
10:53:28.143575 IP 192.168.163.133.ipp > 192.168.163.129.48152: Flags [R.], seq 0, ack 4120185581, win 0, length 0
10:53:28.143603 IP 192.168.163.133.1026 > 192.168.163.129.48152: Flags [R.], seq 0, ack 4120185581, win 0, length 0
10:53:28.143639 IP 192.168.163.129.48152 > 192.168.163.133.nfs: Flags [R], seq 4120185581, win 0, length 0
10:53:28.143666 IP 192.168.163.129.48152 > 192.168.163.133.postgresql: Flags [R], seq 4120185581, win 0, length 0
10:53:28.143686 IP 192.168.163.129.48152 > 192.168.163.133.iprop: Flags [R], seq 4120185581, win 0, length 0
10:53:28.143714 IP 192.168.163.133.1110 > 192.168.163.129.48152: Flags [R.], seq 0, ack 4120185581, win 0, length 0
10:53:28.242518 IP 192.168.163.129.48153 > 192.168.163.133.kshell: Flags [S], seq 4120120045, win 1024, options [mss 1460], length 0
10:53:28.242600 IP 192.168.163.129.48153 > 192.168.163.133.nfs: Flags [S], seq 4120120045, win 1024, options [mss 1460], length 0
10:53:28.242631 IP 192.168.163.129.48153 > 192.168.163.133.49155: Flags [S], seq 4120120045, win 1024, options [mss 1460], length 0
10:53:28.242659 IP 192.168.163.129.48153 > 192.168.163.133.8008: Flags [S], seq 4120120045, win 1024, options [mss 1460], length 0
10:53:28.242702 IP 192.168.163.129.48153 > 192.168.163.133.nntp: Flags [S], seq 4120120045, win 1024, options [mss 1460], length 0
10:53:28.242730 IP 192.168.163.129.48153 > 192.168.163.133.5009: Flags [S], seq 4120120045, win 1024, options [mss 1460], length 0
10:53:28.242761 IP 192.168.163.129.48153 > 192.168.163.133.x11: Flags [S], seq 4120120045, win 1024, options [mss 1460], length 0
10:53:28.242791 IP 192.168.163.129.48153 > 192.168.163.133.144: Flags [S], seq 4120120045, win 1024, options [mss 1460], length 0
10:53:28.242833 IP 192.168.163.129.48153 > 192.168.163.133.49153: Flags [S], seq 4120120045, win 1024, options [mss 1460], length 0
10:53:28.242864 IP 192.168.163.129.48153 > 192.168.163.133.9100: Flags [S], seq 4120120045, win 1024, options [mss 1460], length 0
10:53:28.242893 IP 192.168.163.129.48153 > 192.168.163.133.echo: Flags [S], seq 4120120045, win 1024, options [mss 1460], length 0
10:53:28.242921 IP 192.168.163.129.48153 > 192.168.163.133.x11-1: Flags [S], seq 4120120045, win 1024, options [mss 1460], length 0
10:53:28.242951 IP 192.168.163.129.48153 > 192.168.163.133.enbd-cstatd: Flags [S], seq 4120120045, win 1024, options [mss 1460], length 0
10:53:28.242979 IP 192.168.163.129.48153 > 192.168.163.133.1027: Flags [S], seq 4120120045, win 1024, options [mss 1460], length 0
10:53:28.242997 IP 192.168.163.129.48153 > 192.168.163.133.sip: Flags [S], seq 4120120045, win 1024, options [mss 1460], length 0
10:53:28.243025 IP 192.168.163.129.48153 > 192.168.163.133.aol: Flags [S], seq 4120120045, win 1024, options [mss 1460], length 0
10:53:28.243045 IP 192.168.163.129.48153 > 192.168.163.133.finger: Flags [S], seq 4120120045, win 1024, options [mss 1460], length 0
10:53:28.243061 IP 192.168.163.129.48153 > 192.168.163.133.ms-sql-s: Flags [S], seq 4120120045, win 1024, options [mss 1460], length 0
10:53:28.243090 IP 192.168.163.133.kshell > 192.168.163.129.48153: Flags [R.], seq 0, ack 4120120046, win 0, length 0
10:53:28.243122 IP 192.168.163.133.nfs > 192.168.163.129.48153: Flags [S.], seq 3679563745, ack 4120120046, win 5840, options [mss 1460], length 0
10:53:28.243138 IP 192.168.163.133.49155 > 192.168.163.129.48153: Flags [R.], seq 0, ack 4120120046, win 0, length 0
10:53:28.243178 IP 192.168.163.133.8008 > 192.168.163.129.48153: Flags [R.], seq 0, ack 4120120046, win 0, length 0
10:53:28.243210 IP 192.168.163.133.nntp > 192.168.163.129.48153: Flags [R.], seq 0, ack 4120120046, win 0, length 0
10:53:28.243238 IP 192.168.163.133.5009 > 192.168.163.129.48153: Flags [R.], seq 0, ack 4120120046, win 0, length 0
10:53:28.243266 IP 192.168.163.133.x11 > 192.168.163.129.48153: Flags [S.], seq 3684380649, ack 4120120046, win 5840, options [mss 1460], length 0
10:53:28.243294 IP 192.168.163.133.144 > 192.168.163.129.48153: Flags [R.], seq 0, ack 4120120046, win 0, length 0
10:53:28.243335 IP 192.168.163.133.49153 > 192.168.163.129.48153: Flags [R.], seq 0, ack 4120120046, win 0, length 0
10:53:28.243364 IP 192.168.163.133.9100 > 192.168.163.129.48153: Flags [R.], seq 0, ack 4120120046, win 0, length 0
10:53:28.243392 IP 192.168.163.133.echo > 192.168.163.129.48153: Flags [R.], seq 0, ack 4120120046, win 0, length 0
10:53:28.243420 IP 192.168.163.133.x11-1 > 192.168.163.129.48153: Flags [R.], seq 0, ack 4120120046, win 0, length 0
10:53:28.243448 IP 192.168.163.133.enbd-cstatd > 192.168.163.129.48153: Flags [R.], seq 0, ack 4120120046, win 0, length 0
10:53:28.243476 IP 192.168.163.133.1027 > 192.168.163.129.48153: Flags [R.], seq 0, ack 4120120046, win 0, length 0
10:53:28.243492 IP 192.168.163.133.sip > 192.168.163.129.48153: Flags [R.], seq 0, ack 4120120046, win 0, length 0
10:53:28.243508 IP 192.168.163.133.aol > 192.168.163.129.48153: Flags [R.], seq 0, ack 4120120046, win 0, length 0
10:53:28.243528 IP 192.168.163.133.finger > 192.168.163.129.48153: Flags [R.], seq 0, ack 4120120046, win 0, length 0
10:53:28.243544 IP 192.168.163.133.ms-sql-s > 192.168.163.129.48153: Flags [R.], seq 0, ack 4120120046, win 0, length 0
10:53:28.243573 IP 192.168.163.129.48153 > 192.168.163.133.nfs: Flags [R], seq 4120120046, win 0, length 0
10:53:28.243592 IP 192.168.163.129.48153 > 192.168.163.133.x11: Flags [R], seq 4120120046, win 0, length 0
10:53:28.245396 IP 192.168.163.129.48153 > 192.168.163.133.1110: Flags [S], seq 4120120045, win 1024, options [mss 1460], length 0
10:53:28.245452 IP 192.168.163.129.48153 > 192.168.163.133.1026: Flags [S], seq 4120120045, win 1024, options [mss 1460], length 0
10:53:28.245483 IP 192.168.163.129.48153 > 192.168.163.133.ipp: Flags [S], seq 4120120045, win 1024, options [mss 1460], length 0
10:53:28.245512 IP 192.168.163.129.48153 > 192.168.163.133.webmin: Flags [S], seq 4120120045, win 1024, options [mss 1460], length 0
10:53:28.245542 IP 192.168.163.129.48153 > 192.168.163.133.3986: Flags [S], seq 4120120045, win 1024, options [mss 1460], length 0
10:53:28.245582 IP 192.168.163.129.48153 > 192.168.163.133.8000: Flags [S], seq 4120120045, win 1024, options [mss 1460], length 0
10:53:28.245612 IP 192.168.163.129.48153 > 192.168.163.133.klogin: Flags [S], seq 4120120045, win 1024, options [mss 1460], length 0
10:53:28.245639 IP 192.168.163.129.48153 > 192.168.163.133.7070: Flags [S], seq 4120120045, win 1024, options [mss 1460], length 0
10:53:28.245670 IP 192.168.163.129.48153 > 192.168.163.133.kerberos: Flags [S], seq 4120120045, win 1024, options [mss 1460], length 0
10:53:28.245698 IP 192.168.163.129.48153 > 192.168.163.133.discard: Flags [S], seq 4120120045, win 1024, options [mss 1460], length 0
10:53:28.245726 IP 192.168.163.129.48153 > 192.168.163.133.iprop: Flags [S], seq 4120120045, win 1024, options [mss 1460], length 0
10:53:28.245756 IP 192.168.163.129.48153 > 192.168.163.133.postgresql: Flags [S], seq 4120120045, win 1024, options [mss 1460], length 0
10:53:28.245855 IP 192.168.163.129.48153 > 192.168.163.133.5800: Flags [S], seq 4120120045, win 1024, options [mss 1460], length 0
10:53:28.245877 IP 192.168.163.129.48153 > 192.168.163.133.49156: Flags [S], seq 4120120045, win 1024, options [mss 1460], length 0
10:53:28.245894 IP 192.168.163.129.48153 > 192.168.163.133.26: Flags [S], seq 4120120045, win 1024, options [mss 1460], length 0
10:53:28.245923 IP 192.168.163.133.1110 > 192.168.163.129.48153: Flags [R.], seq 0, ack 4120120046, win 0, length 0
10:53:28.245942 IP 192.168.163.133.1026 > 192.168.163.129.48153: Flags [R.], seq 0, ack 4120120046, win 0, length 0
10:53:28.245974 IP 192.168.163.133.ipp > 192.168.163.129.48153: Flags [R.], seq 0, ack 4120120046, win 0, length 0
10:53:28.246008 IP 192.168.163.133.webmin > 192.168.163.129.48153: Flags [R.], seq 0, ack 4120120046, win 0, length 0
10:53:28.246039 IP 192.168.163.133.3986 > 192.168.163.129.48153: Flags [R.], seq 0, ack 4120120046, win 0, length 0
10:53:28.246070 IP 192.168.163.133.8000 > 192.168.163.129.48153: Flags [R.], seq 0, ack 4120120046, win 0, length 0
10:53:28.246105 IP 192.168.163.133.klogin > 192.168.163.129.48153: Flags [R.], seq 0, ack 4120120046, win 0, length 0
10:53:28.246137 IP 192.168.163.133.7070 > 192.168.163.129.48153: Flags [R.], seq 0, ack 4120120046, win 0, length 0
10:53:28.246169 IP 192.168.163.133.kerberos > 192.168.163.129.48153: Flags [R.], seq 0, ack 4120120046, win 0, length 0
10:53:28.246189 IP 192.168.163.133.discard > 192.168.163.129.48153: Flags [R.], seq 0, ack 4120120046, win 0, length 0
10:53:28.246207 IP 192.168.163.133.iprop > 192.168.163.129.48153: Flags [S.], seq 3682551113, ack 4120120046, win 5840, options [mss 1460], length 0
10:53:28.246224 IP 192.168.163.133.postgresql > 192.168.163.129.48153: Flags [S.], seq 3674907734, ack 4120120046, win 5840, options [mss 1460], length 0
10:53:28.246240 IP 192.168.163.133.5800 > 192.168.163.129.48153: Flags [R.], seq 0, ack 4120120046, win 0, length 0
10:53:28.246258 IP 192.168.163.133.49156 > 192.168.163.129.48153: Flags [R.], seq 0, ack 4120120046, win 0, length 0
10:53:28.246287 IP 192.168.163.133.26 > 192.168.163.129.48153: Flags [R.], seq 0, ack 4120120046, win 0, length 0
10:53:28.246335 IP 192.168.163.129.48153 > 192.168.163.133.iprop: Flags [R], seq 4120120046, win 0, length 0
10:53:28.246356 IP 192.168.163.129.48153 > 192.168.163.133.postgresql: Flags [R], seq 4120120046, win 0, length 0
10:53:28.342910 IP 192.168.163.129.48152 > 192.168.163.133.5631: Flags [S], seq 4120185580, win 1024, options [mss 1460], length 0
10:53:28.343035 IP 192.168.163.133.5631 > 192.168.163.129.48152: Flags [R.], seq 0, ack 4120185581, win 0, length 0
10:53:28.348209 IP 192.168.163.129.48152 > 192.168.163.133.3000: Flags [S], seq 4120185580, win 1024, options [mss 1460], length 0
10:53:28.348323 IP 192.168.163.133.3000 > 192.168.163.129.48152: Flags [R.], seq 0, ack 4120185581, win 0, length 0
10:53:28.353684 IP 192.168.163.129.48152 > 192.168.163.133.time: Flags [S], seq 4120185580, win 1024, options [mss 1460], length 0
10:53:28.353776 IP 192.168.163.133.time > 192.168.163.129.48152: Flags [R.], seq 0, ack 4120185581, win 0, length 0
10:53:28.359215 IP 192.168.163.129.48152 > 192.168.163.133.login: Flags [S], seq 4120185580, win 1024, options [mss 1460], length 0
10:53:28.359346 IP 192.168.163.133.login > 192.168.163.129.48152: Flags [S.], seq 3676620347, ack 4120185581, win 5840, options [mss 1460], length 0
10:53:28.359451 IP 192.168.163.129.48152 > 192.168.163.133.login: Flags [R], seq 4120185581, win 0, length 0
10:53:28.364723 IP 192.168.163.129.48152 > 192.168.163.133.ldap: Flags [S], seq 4120185580, win 1024, options [mss 1460], length 0
10:53:28.364812 IP 192.168.163.133.ldap > 192.168.163.129.48152: Flags [R.], seq 0, ack 4120185581, win 0, length 0
10:53:28.370247 IP 192.168.163.129.48152 > 192.168.163.133.49157: Flags [S], seq 4120185580, win 1024, options [mss 1460], length 0
10:53:28.370354 IP 192.168.163.133.49157 > 192.168.163.129.48152: Flags [R.], seq 0, ack 4120185581, win 0, length 0
10:53:28.375749 IP 192.168.163.129.48152 > 192.168.163.133.printer: Flags [S], seq 4120185580, win 1024, options [mss 1460], length 0
10:53:28.375835 IP 192.168.163.133.printer > 192.168.163.129.48152: Flags [R.], seq 0, ack 4120185581, win 0, length 0
10:53:28.381259 IP 192.168.163.129.48152 > 192.168.163.133.8009: Flags [S], seq 4120185580, win 1024, options [mss 1460], length 0
10:53:28.381364 IP 192.168.163.133.8009 > 192.168.163.129.48152: Flags [S.], seq 3685053039, ack 4120185581, win 5840, options [mss 1460], length 0
10:53:28.381442 IP 192.168.163.129.48152 > 192.168.163.133.8009: Flags [R], seq 4120185581, win 0, length 0
10:53:28.386829 IP 192.168.163.129.48152 > 192.168.163.133.3128: Flags [S], seq 4120185580, win 1024, options [mss 1460], length 0
10:53:28.386940 IP 192.168.163.133.3128 > 192.168.163.129.48152: Flags [R.], seq 0, ack 4120185581, win 0, length 0
10:53:28.392275 IP 192.168.163.129.48152 > 192.168.163.133.radmin-port: Flags [S], seq 4120185580, win 1024, options [mss 1460], length 0
10:53:28.392364 IP 192.168.163.133.radmin-port > 192.168.163.129.48152: Flags [R.], seq 0, ack 4120185581, win 0, length 0
10:53:28.397804 IP 192.168.163.129.48152 > 192.168.163.133.snpp: Flags [S], seq 4120185580, win 1024, options [mss 1460], length 0
10:53:28.397902 IP 192.168.163.133.snpp > 192.168.163.129.48152: Flags [R.], seq 0, ack 4120185581, win 0, length 0
10:53:28.403326 IP 192.168.163.129.48152 > 192.168.163.133.svrloc: Flags [S], seq 4120185580, win 1024, options [mss 1460], length 0
10:53:28.403418 IP 192.168.163.133.svrloc > 192.168.163.129.48152: Flags [R.], seq 0, ack 4120185581, win 0, length 0
10:53:28.408426 IP 192.168.163.129.48152 > 192.168.163.133.81: Flags [S], seq 4120185580, win 1024, options [mss 1460], length 0
10:53:28.408558 IP 192.168.163.133.81 > 192.168.163.129.48152: Flags [R.], seq 0, ack 4120185581, win 0, length 0
10:53:28.413943 IP 192.168.163.129.48152 > 192.168.163.133.1900: Flags [S], seq 4120185580, win 1024, options [mss 1460], length 0
10:53:28.414069 IP 192.168.163.133.1900 > 192.168.163.129.48152: Flags [R.], seq 0, ack 4120185581, win 0, length 0
10:53:28.419413 IP 192.168.163.129.48152 > 192.168.163.133.8443: Flags [S], seq 4120185580, win 1024, options [mss 1460], length 0
10:53:28.419555 IP 192.168.163.133.8443 > 192.168.163.129.48152: Flags [R.], seq 0, ack 4120185581, win 0, length 0
10:53:28.424884 IP 192.168.163.129.48152 > 192.168.163.133.poppassd: Flags [S], seq 4120185580, win 1024, options [mss 1460], length 0
10:53:28.424976 IP 192.168.163.133.poppassd > 192.168.163.129.48152: Flags [R.], seq 0, ack 4120185581, win 0, length 0
10:53:28.430384 IP 192.168.163.129.48152 > 192.168.163.133.afpovertcp: Flags [S], seq 4120185580, win 1024, options [mss 1460], length 0
10:53:28.430467 IP 192.168.163.133.afpovertcp > 192.168.163.129.48152: Flags [R.], seq 0, ack 4120185581, win 0, length 0
10:53:28.443453 IP 192.168.163.129.48153 > 192.168.163.133.5631: Flags [S], seq 4120120045, win 1024, options [mss 1460], length 0
10:53:28.443574 IP 192.168.163.133.5631 > 192.168.163.129.48153: Flags [R.], seq 0, ack 4120120046, win 0, length 0
10:53:28.448943 IP 192.168.163.129.48153 > 192.168.163.133.3000: Flags [S], seq 4120120045, win 1024, options [mss 1460], length 0
10:53:28.449037 IP 192.168.163.133.3000 > 192.168.163.129.48153: Flags [R.], seq 0, ack 4120120046, win 0, length 0
10:53:28.454483 IP 192.168.163.129.48153 > 192.168.163.133.time: Flags [S], seq 4120120045, win 1024, options [mss 1460], length 0
10:53:28.454595 IP 192.168.163.133.time > 192.168.163.129.48153: Flags [R.], seq 0, ack 4120120046, win 0, length 0
10:53:28.459959 IP 192.168.163.129.48153 > 192.168.163.133.login: Flags [S], seq 4120120045, win 1024, options [mss 1460], length 0
10:53:28.460054 IP 192.168.163.133.login > 192.168.163.129.48153: Flags [S.], seq 3676896595, ack 4120120046, win 5840, options [mss 1460], length 0
10:53:28.460132 IP 192.168.163.129.48153 > 192.168.163.133.login: Flags [R], seq 4120120046, win 0, length 0
10:53:28.465479 IP 192.168.163.129.48153 > 192.168.163.133.ldap: Flags [S], seq 4120120045, win 1024, options [mss 1460], length 0
10:53:28.465569 IP 192.168.163.133.ldap > 192.168.163.129.48153: Flags [R.], seq 0, ack 4120120046, win 0, length 0
10:53:28.471027 IP 192.168.163.129.48153 > 192.168.163.133.49157: Flags [S], seq 4120120045, win 1024, options [mss 1460], length 0
10:53:28.471116 IP 192.168.163.133.49157 > 192.168.163.129.48153: Flags [R.], seq 0, ack 4120120046, win 0, length 0
10:53:28.476496 IP 192.168.163.129.48153 > 192.168.163.133.printer: Flags [S], seq 4120120045, win 1024, options [mss 1460], length 0
10:53:28.476570 IP 192.168.163.133.printer > 192.168.163.129.48153: Flags [R.], seq 0, ack 4120120046, win 0, length 0
10:53:28.482053 IP 192.168.163.129.48153 > 192.168.163.133.8009: Flags [S], seq 4120120045, win 1024, options [mss 1460], length 0
10:53:28.482152 IP 192.168.163.133.8009 > 192.168.163.129.48153: Flags [S.], seq 3678966230, ack 4120120046, win 5840, options [mss 1460], length 0
10:53:28.482231 IP 192.168.163.129.48153 > 192.168.163.133.8009: Flags [R], seq 4120120046, win 0, length 0
10:53:28.487565 IP 192.168.163.129.48153 > 192.168.163.133.3128: Flags [S], seq 4120120045, win 1024, options [mss 1460], length 0
10:53:28.487672 IP 192.168.163.133.3128 > 192.168.163.129.48153: Flags [R.], seq 0, ack 4120120046, win 0, length 0
10:53:28.493036 IP 192.168.163.129.48153 > 192.168.163.133.radmin-port: Flags [S], seq 4120120045, win 1024, options [mss 1460], length 0
10:53:28.493115 IP 192.168.163.133.radmin-port > 192.168.163.129.48153: Flags [R.], seq 0, ack 4120120046, win 0, length 0
10:53:28.498604 IP 192.168.163.129.48153 > 192.168.163.133.snpp: Flags [S], seq 4120120045, win 1024, options [mss 1460], length 0
10:53:28.498701 IP 192.168.163.133.snpp > 192.168.163.129.48153: Flags [R.], seq 0, ack 4120120046, win 0, length 0
10:53:28.504090 IP 192.168.163.129.48153 > 192.168.163.133.svrloc: Flags [S], seq 4120120045, win 1024, options [mss 1460], length 0
10:53:28.504182 IP 192.168.163.133.svrloc > 192.168.163.129.48153: Flags [R.], seq 0, ack 4120120046, win 0, length 0
10:53:28.509581 IP 192.168.163.129.48153 > 192.168.163.133.81: Flags [S], seq 4120120045, win 1024, options [mss 1460], length 0
10:53:28.509671 IP 192.168.163.133.81 > 192.168.163.129.48153: Flags [R.], seq 0, ack 4120120046, win 0, length 0
10:53:28.515193 IP 192.168.163.129.48153 > 192.168.163.133.1900: Flags [S], seq 4120120045, win 1024, options [mss 1460], length 0
10:53:28.515302 IP 192.168.163.133.1900 > 192.168.163.129.48153: Flags [R.], seq 0, ack 4120120046, win 0, length 0
10:53:28.520629 IP 192.168.163.129.48153 > 192.168.163.133.8443: Flags [S], seq 4120120045, win 1024, options [mss 1460], length 0
10:53:28.520712 IP 192.168.163.133.8443 > 192.168.163.129.48153: Flags [R.], seq 0, ack 4120120046, win 0, length 0
10:53:28.526147 IP 192.168.163.129.48153 > 192.168.163.133.poppassd: Flags [S], seq 4120120045, win 1024, options [mss 1460], length 0
10:53:28.526236 IP 192.168.163.133.poppassd > 192.168.163.129.48153: Flags [R.], seq 0, ack 4120120046, win 0, length 0
10:53:28.531724 IP 192.168.163.129.48153 > 192.168.163.133.afpovertcp: Flags [S], seq 4120120045, win 1024, options [mss 1460], length 0
10:53:28.531823 IP 192.168.163.133.afpovertcp > 192.168.163.129.48153: Flags [R.], seq 0, ack 4120120046, win 0, length 0

